frame=0  player.y=1.20  obs0.x= 0.00
frame=1  player.y=1.20  obs0.x=-0.17
frame=2  player.y=0.00  obs0.x=-0.25
frame=3  player.y=0.00  obs0.x=-0.33
frame=4  player.y=0.00  obs0.x=-0.42
frame=5  player.y=0.00  obs0.x=-0.50
frame=6  player.y=0.00  obs0.x=-0.58
frame=7  player.y=0.00  obs0.x=-0.67
frame=8  player.y=0.00  obs0.x=-0.75
frame=9  player.y=0.00  obs0.x=-0.83
frame=10  player.y=0.00  obs0.x=-0.92
frame=11  player.y=1.20  obs0.x=-1.00
frame=12  player.y=1.20  obs0.x=-1.08
frame=13  player.y=0.00  obs0.x=-1.17
frame=14  player.y=0.00  obs0.x=-1.25
frame=15  player.y=0.00  obs0.x=-1.33
frame=16  player.y=1.20  obs0.x=-1.42
frame=17  player.y=0.00  obs0.x=-1.50
frame=18  player.y=0.00  obs0.x=-1.58
frame=19  player.y=1.20  obs0.x=-1.67
frame=20  player.y=1.20  obs0.x=-1.75
frame=21  player.y=0.00  obs0.x=-1.83
frame=22  player.y=0.00  obs0.x=-1.92
frame=23  player.y=0.00  obs0.x=-2.00
frame=24  player.y=1.20  obs0.x=-2.08
frame=25  player.y=1.20  obs0.x=-2.17
frame=26  player.y=0.00  obs0.x=-2.25
frame=27  player.y=1.20  obs0.x=-2.33
frame=28  player.y=1.20  obs0.x=-2.42
frame=29  player.y=0.00  obs0.x=-2.50
frame=30  player.y=0.00  obs0.x=-2.58
frame=31  player.y=0.00  obs0.x=-2.67
frame=32  player.y=0.00  obs0.x=-2.75
frame=33  player.y=0.00  obs0.x=-2.83
frame=34  player.y=1.20  obs0.x=-2.92
frame=35  player.y=0.00  obs0.x=-3.00
frame=36  player.y=0.00  obs0.x=-3.08
frame=37  player.y=0.00  obs0.x=-3.17
frame=38  player.y=0.00  obs0.x=-3.25
frame=39  player.y=0.00  obs0.x=-3.33
frame=40  player.y=1.20  obs0.x=-3.33
frame=41  player.y=0.00  obs0.x=-3.50
frame=42  player.y=0.00  obs0.x=-3.50
frame=43  player.y=1.20  obs0.x=-3.58
frame=44  player.y=0.00  obs0.x=-3.75
frame=45  player.y=0.00  obs0.x=-3.83
frame=46  player.y=0.00  obs0.x=-3.92
frame=47  player.y=1.20  obs0.x=-4.00
frame=48  player.y=0.00  obs0.x=-4.08
frame=49  player.y=0.00  obs0.x=-4.17
frame=50  player.y=0.00  obs0.x=-4.25
frame=51  player.y=0.00  obs0.x=-4.33
frame=52  player.y=1.20  obs0.x=-4.42
frame=53  player.y=1.20  obs0.x=-4.50
frame=54  player.y=0.00  obs0.x=-4.58
frame=55  player.y=0.00  obs0.x=-4.67
frame=56  player.y=0.00  obs0.x=-4.75
frame=57  player.y=0.00  obs0.x=-4.83
frame=58  player.y=0.00  obs0.x=-4.92
frame=59  player.y=0.00  obs0.x=-5.00
frame=60  player.y=1.20  obs0.x=-5.08
frame=61  player.y=0.00  obs0.x=-5.17
frame=62  player.y=0.00  obs0.x=-5.25
frame=63  player.y=0.00  obs0.x=-5.33
frame=64  player.y=0.00  obs0.x=-5.42
frame=65  player.y=0.00  obs0.x=-5.50
frame=66  player.y=0.00  obs0.x=-5.58
frame=67  player.y=1.20  obs0.x=-5.67
frame=68  player.y=0.00  obs0.x=-5.75
frame=69  player.y=0.00  obs0.x=-5.83
frame=70  player.y=0.00  obs0.x=-5.92
frame=71  player.y=0.00  obs0.x=-6.00
frame=72  player.y=0.00  obs0.x=-6.08
frame=73  player.y=0.00  obs0.x=-6.17
frame=74  player.y=1.20  obs0.x=-6.25
frame=75  player.y=0.00  obs0.x=-6.33
frame=76  player.y=0.00  obs0.x=-6.42
frame=77  player.y=1.20  obs0.x=-6.50
frame=78  player.y=1.20  obs0.x=-6.58
frame=79  player.y=0.00  obs0.x=-6.67
frame=80  player.y=1.20  obs0.x=-6.75
frame=81  player.y=0.00  obs0.x=-6.83
frame=82  player.y=0.00  obs0.x=-6.92
frame=83  player.y=0.00  obs0.x=-7.00
frame=84  player.y=1.20  obs0.x=-7.08
frame=85  player.y=0.00  obs0.x=-7.17
frame=86  player.y=0.00  obs0.x=-7.25
frame=87  player.y=1.20  obs0.x=-7.33
frame=88  player.y=0.00  obs0.x=-7.42
frame=89  player.y=1.20  obs0.x=-7.50
frame=90  player.y=1.20  obs0.x=-7.58
frame=91  player.y=0.00  obs0.x=-7.67
frame=92  player.y=1.20  obs0.x=-7.75
frame=93  player.y=0.00  obs0.x=-7.83
frame=94  player.y=1.20  obs0.x=-7.92
frame=95  player.y=0.00  obs0.x=-8.00
frame=96  player.y=0.00  obs0.x=-8.08
frame=97  player.y=0.00  obs0.x=-8.17
frame=98  player.y=1.20  obs0.x=-8.25
frame=99  player.y=0.00  obs0.x=-8.33
frame=100  player.y=0.00  obs0.x=-8.42
frame=101  player.y=0.00  obs0.x=-8.50
frame=102  player.y=0.00  obs0.x=-8.58
frame=103  player.y=0.00  obs0.x=-8.67
frame=104  player.y=0.00  obs0.x=-8.75
frame=105  player.y=0.00  obs0.x=-8.83
frame=106  player.y=1.20  obs0.x=-8.92
frame=107  player.y=0.00  obs0.x=-9.00
frame=108  player.y=1.20  obs0.x=-9.08
frame=109  player.y=1.20  obs0.x=-9.17
frame=110  player.y=1.20  obs0.x=-9.25
frame=111  player.y=0.00  obs0.x=-9.33
frame=112  player.y=1.20  obs0.x=-9.42
frame=113  player.y=0.00  obs0.x=-9.50
frame=114  player.y=1.20  obs0.x=-9.58
frame=115  player.y=0.00  obs0.x=-9.67
frame=116  player.y=1.20  obs0.x=-9.75
frame=117  player.y=0.00  obs0.x=-9.83
frame=118  player.y=0.00  obs0.x=-9.92
frame=119  player.y=1.20  obs0.x=-10.00
frame=120  player.y=0.00  obs0.x=-10.08
frame=121  player.y=0.00  obs0.x=-10.17
frame=122  player.y=0.00  obs0.x=-10.25
frame=123  player.y=0.00  obs0.x=-10.33
frame=124  player.y=0.00  obs0.x=-10.42
frame=125  player.y=1.20  obs0.x=-10.50
frame=126  player.y=0.00  obs0.x=-10.58
frame=127  player.y=1.20  obs0.x=-10.67
frame=128  player.y=1.20  obs0.x=-10.75
frame=129  player.y=0.00  obs0.x=-10.83
frame=130  player.y=0.00  obs0.x=-10.92
frame=131  player.y=0.00  obs0.x=-11.00
frame=132  player.y=1.20  obs0.x=-11.08
frame=133  player.y=0.00  obs0.x=-11.17
frame=134  player.y=0.00  obs0.x=-11.25
frame=135  player.y=1.20  obs0.x=-11.33
frame=136  player.y=0.00  obs0.x=-11.42
frame=137  player.y=0.00  obs0.x=-11.50
frame=138  player.y=0.00  obs0.x=-11.58
frame=139  player.y=1.20  obs0.x=-11.67
frame=140  player.y=0.00  obs0.x=-11.75
frame=141  player.y=0.00  obs0.x=-11.83
frame=142  player.y=0.00  obs0.x=-11.92
frame=143  player.y=0.00  obs0.x=-12.00
frame=144  player.y=1.20  obs0.x=-12.08
frame=145  player.y=0.00  obs0.x=-12.17
frame=146  player.y=0.00  obs0.x=-12.25
frame=147  player.y=0.00  obs0.x=-12.33
frame=148  player.y=0.00  obs0.x=-12.42
frame=149  player.y=0.00  obs0.x=-12.50
frame=150  player.y=0.00  obs0.x=-12.58
frame=151  player.y=0.00  obs0.x=-12.67
frame=152  player.y=0.00  obs0.x=-12.75
frame=153  player.y=1.20  obs0.x=-12.83
frame=154  player.y=1.20  obs0.x=-12.92
frame=155  player.y=0.00  obs0.x=-13.00
frame=156  player.y=0.00  obs0.x=-13.08
frame=157  player.y=0.00  obs0.x=-13.17
frame=158  player.y=0.00  obs0.x=-13.25
frame=159  player.y=1.20  obs0.x=-13.33
frame=160  player.y=0.00  obs0.x=-13.42
frame=161  player.y=0.00  obs0.x=-13.50
frame=162  player.y=0.00  obs0.x=-13.58
frame=163  player.y=0.00  obs0.x=-13.67
frame=164  player.y=0.00  obs0.x=-13.75
frame=165  player.y=0.00  obs0.x=-13.83
frame=166  player.y=0.00  obs0.x=-13.92
frame=167  player.y=0.00  obs0.x=-14.00
frame=168  player.y=0.00  obs0.x=-14.08
frame=169  player.y=0.00  obs0.x=-14.17
frame=170  player.y=0.00  obs0.x=-14.25
frame=171  player.y=0.00  obs0.x=-14.33
frame=172  player.y=1.20  obs0.x=-14.42
frame=173  player.y=1.20  obs0.x=-14.50
frame=174  player.y=0.00  obs0.x=-14.58
frame=175  player.y=0.00  obs0.x=-14.67
frame=176  player.y=0.00  obs0.x=-14.75
frame=177  player.y=0.00  obs0.x=-14.83
frame=178  player.y=1.20  obs0.x=-14.92
frame=179  player.y=0.00  obs0.x=-15.00
frame=180  player.y=0.00  obs0.x=-15.08
frame=181  player.y=0.00  obs0.x=-15.17
frame=182  player.y=0.00  obs0.x=-15.25
frame=183  player.y=1.20  obs0.x=-15.33
frame=184  player.y=0.00  obs0.x=-15.42
frame=185  player.y=1.20  obs0.x=-15.50
frame=186  player.y=1.20  obs0.x=-15.58
frame=187  player.y=0.00  obs0.x=-15.67
frame=188  player.y=0.00  obs0.x=-15.75
frame=189  player.y=0.00  obs0.x=-15.83
frame=190  player.y=0.00  obs0.x=-15.92
frame=191  player.y=0.00  obs0.x=-16.00
frame=192  player.y=0.00  obs0.x=-16.08
frame=193  player.y=1.20  obs0.x=-16.17
frame=194  player.y=0.00  obs0.x=-16.25
frame=195  player.y=0.00  obs0.x=-16.33
frame=196  player.y=1.20  obs0.x=-16.42
frame=197  player.y=0.00  obs0.x=-16.50
frame=198  player.y=0.00  obs0.x=-16.58
frame=199  player.y=0.00  obs0.x=-16.67
frame=200  player.y=1.20  obs0.x=-16.75
frame=201  player.y=0.00  obs0.x=-16.83
frame=202  player.y=1.20  obs0.x=-16.92
frame=203  player.y=0.00  obs0.x=-17.00
frame=204  player.y=0.00  obs0.x=-17.08
frame=205  player.y=0.00  obs0.x=-17.17
frame=206  player.y=0.00  obs0.x=-17.25
frame=207  player.y=0.00  obs0.x=-17.33
frame=208  player.y=0.00  obs0.x=-17.42
frame=209  player.y=0.00  obs0.x=-17.50
frame=210  player.y=0.00  obs0.x=-17.58
frame=211  player.y=0.00  obs0.x=-17.67
frame=212  player.y=1.20  obs0.x=-17.75
frame=213  player.y=0.00  obs0.x=-17.83
frame=214  player.y=0.00  obs0.x=-17.92
frame=215  player.y=0.00  obs0.x=-18.00
frame=216  player.y=0.00  obs0.x=-18.08
frame=217  player.y=0.00  obs0.x=-18.17
frame=218  player.y=0.00  obs0.x=-18.25
frame=219  player.y=0.00  obs0.x=-18.33
frame=220  player.y=0.00  obs0.x=-18.42
frame=221  player.y=0.00  obs0.x=-18.50
frame=222  player.y=1.20  obs0.x=-18.58
frame=223  player.y=0.00  obs0.x=-18.67
frame=224  player.y=0.00  obs0.x=-18.75
frame=225  player.y=0.00  obs0.x=-18.83
frame=226  player.y=0.00  obs0.x=-18.92
frame=227  player.y=1.20  obs0.x=-19.00
frame=228  player.y=1.20  obs0.x=-19.08
frame=229  player.y=0.00  obs0.x=-19.17
frame=230  player.y=0.00  obs0.x=-19.25
frame=231  player.y=0.00  obs0.x=-19.33
frame=232  player.y=0.00  obs0.x=-19.42
frame=233  player.y=0.00  obs0.x=-19.50
frame=234  player.y=0.00  obs0.x=-19.58
frame=235  player.y=1.20  obs0.x=-19.67
frame=236  player.y=0.00  obs0.x=-19.75
frame=237  player.y=1.20  obs0.x=-19.83
frame=238  player.y=1.20  obs0.x=-19.92
frame=239  player.y=0.00  obs0.x=-20.00
frame=240  player.y=0.00  obs0.x=-20.08
frame=241  player.y=0.00  obs0.x=-20.17
frame=242  player.y=0.00  obs0.x=-20.25
frame=243  player.y=0.00  obs0.x=-20.33
frame=244  player.y=0.00  obs0.x=-20.42
frame=245  player.y=0.00  obs0.x=-20.50
frame=246  player.y=0.00  obs0.x=-20.58
frame=247  player.y=0.00  obs0.x=-20.67
frame=248  player.y=1.20  obs0.x=-20.75
frame=249  player.y=0.00  obs0.x=-20.83
frame=250  player.y=0.00  obs0.x=-20.92
frame=251  player.y=0.00  obs0.x=-21.00
frame=252  player.y=0.00  obs0.x=-21.08
frame=253  player.y=1.20  obs0.x=-21.17
frame=254  player.y=0.00  obs0.x=-21.25
frame=255  player.y=0.00  obs0.x=-21.33
frame=256  player.y=0.00  obs0.x=-21.42
frame=257  player.y=0.00  obs0.x=-21.50
frame=258  player.y=1.20  obs0.x=-21.58
frame=259  player.y=1.20  obs0.x=-21.67
frame=260  player.y=0.00  obs0.x=-21.75
frame=261  player.y=0.00  obs0.x=-21.83
frame=262  player.y=0.00  obs0.x=-21.92
frame=263  player.y=0.00  obs0.x=-22.00
frame=264  player.y=0.00  obs0.x=-22.08
frame=265  player.y=0.00  obs0.x=-22.17
frame=266  player.y=1.20  obs0.x=-22.25
frame=267  player.y=0.00  obs0.x=-22.33
frame=268  player.y=0.00  obs0.x=-22.42
frame=269  player.y=1.20  obs0.x=-22.50
frame=270  player.y=0.00  obs0.x=-22.58
frame=271  player.y=0.00  obs0.x=-22.67
frame=272  player.y=0.00  obs0.x=-22.75
frame=273  player.y=0.00  obs0.x=-22.83
frame=274  player.y=0.00  obs0.x=-22.92
frame=275  player.y=0.00  obs0.x=-23.00
frame=276  player.y=0.00  obs0.x=-23.08
frame=277  player.y=0.00  obs0.x=-23.17
frame=278  player.y=0.00  obs0.x=-23.25
frame=279  player.y=1.20  obs0.x=-23.33
frame=280  player.y=0.00  obs0.x=-23.42
frame=281  player.y=1.20  obs0.x=-23.50
frame=282  player.y=0.00  obs0.x=-23.58
frame=283  player.y=0.00  obs0.x=-23.67
frame=284  player.y=0.00  obs0.x=-23.75
frame=285  player.y=0.00  obs0.x=-23.83
frame=286  player.y=0.00  obs0.x=-23.92
frame=287  player.y=0.00  obs0.x=-24.00
frame=288  player.y=1.20  obs0.x=-24.08
frame=289  player.y=1.20  obs0.x=-24.17
frame=290  player.y=0.00  obs0.x=-24.25
frame=291  player.y=0.00  obs0.x=-24.33
frame=292  player.y=0.00  obs0.x=-24.42
frame=293  player.y=0.00  obs0.x=-24.50
frame=294  player.y=1.20  obs0.x=-24.58
frame=295  player.y=0.00  obs0.x=-24.67
frame=296  player.y=0.00  obs0.x=-24.75
frame=297  player.y=0.00  obs0.x=-24.83
frame=298  player.y=0.00  obs0.x=-24.92
frame=299  player.y=0.00  obs0.x=-25.00
frame=300  player.y=0.00  obs0.x=-25.08
frame=301  player.y=0.00  obs0.x=-25.17
frame=302  player.y=1.20  obs0.x=-25.25
frame=303  player.y=0.00  obs0.x=-25.33
frame=304  player.y=0.00  obs0.x=-25.42
frame=305  player.y=1.20  obs0.x=-25.50
frame=306  player.y=0.00  obs0.x=-25.58
frame=307  player.y=0.00  obs0.x=-25.67
frame=308  player.y=0.00  obs0.x=-25.75
frame=309  player.y=0.00  obs0.x=-25.83
frame=310  player.y=0.00  obs0.x=-25.92
frame=311  player.y=0.00  obs0.x=-26.00
frame=312  player.y=0.00  obs0.x=-26.08
frame=313  player.y=1.20  obs0.x=-26.17
frame=314  player.y=1.20  obs0.x=-26.25
frame=315  player.y=0.00  obs0.x=-26.33
frame=316  player.y=0.00  obs0.x=-26.42
frame=317  player.y=0.00  obs0.x=-26.50
frame=318  player.y=0.00  obs0.x=-26.58
frame=319  player.y=0.00  obs0.x=-26.67
frame=320  player.y=0.00  obs0.x=-26.75
frame=321  player.y=0.00  obs0.x=-26.83
frame=322  player.y=0.00  obs0.x=-26.92
frame=323  player.y=0.00  obs0.x=-27.00
frame=324  player.y=1.20  obs0.x=-27.08
frame=325  player.y=0.00  obs0.x=-27.17
frame=326  player.y=0.00  obs0.x=-27.25
frame=327  player.y=0.00  obs0.x=-27.33
frame=328  player.y=0.00  obs0.x=-27.42
frame=329  player.y=0.00  obs0.x=-27.50
frame=330  player.y=0.00  obs0.x=-27.58
frame=331  player.y=0.00  obs0.x=-27.67
frame=332  player.y=1.20  obs0.x=-27.75
frame=333  player.y=1.20  obs0.x=-27.83
frame=334  player.y=0.00  obs0.x=-27.92
frame=335  player.y=0.00  obs0.x=-28.00
frame=336  player.y=0.00  obs0.x=-28.08
frame=337  player.y=0.00  obs0.x=-28.17
frame=338  player.y=0.00  obs0.x=-28.25
frame=339  player.y=0.00  obs0.x=-28.33
frame=340  player.y=0.00  obs0.x=-28.42
frame=341  player.y=1.20  obs0.x=-28.50
frame=342  player.y=0.00  obs0.x=-28.58
frame=343  player.y=0.00  obs0.x=-28.67
frame=344  player.y=0.00  obs0.x=-28.75
frame=345  player.y=0.00  obs0.x=-28.83
frame=346  player.y=0.00  obs0.x=-28.92
frame=347  player.y=0.00  obs0.x=-29.00
frame=348  player.y=0.00  obs0.x=-29.08
frame=349  player.y=0.00  obs0.x=-29.17
frame=350  player.y=0.00  obs0.x=-29.25
frame=351  player.y=1.20  obs0.x=-29.33
frame=352  player.y=0.00  obs0.x=-29.42
frame=353  player.y=0.00  obs0.x=-29.50
frame=354  player.y=1.20  obs0.x=-29.58
frame=355  player.y=1.20  obs0.x=-29.67
frame=356  player.y=0.00  obs0.x=-29.75
frame=357  player.y=0.00  obs0.x=-29.83
frame=358  player.y=0.00  obs0.x=-29.92
frame=359  player.y=0.00  obs0.x=-30.00
frame=360  player.y=0.00  obs0.x=-30.08
frame=361  player.y=0.00  obs0.x=-30.17
frame=362  player.y=0.00  obs0.x=-30.25
frame=363  player.y=1.20  obs0.x=-30.33
frame=364  player.y=1.20  obs0.x=-30.42
frame=365  player.y=1.20  obs0.x=-30.50
frame=366  player.y=0.00  obs0.x=-30.58
frame=367  player.y=0.00  obs0.x=-30.67
frame=368  player.y=0.00  obs0.x=-30.75
frame=369  player.y=0.00  obs0.x=-30.83
frame=370  player.y=0.00  obs0.x=-30.92
frame=371  player.y=0.00  obs0.x=-31.00
frame=372  player.y=1.20  obs0.x=-31.08
frame=373  player.y=0.00  obs0.x=-31.17
frame=374  player.y=1.20  obs0.x=-31.25
frame=375  player.y=1.20  obs0.x=-31.33
frame=376  player.y=0.00  obs0.x=-31.42
frame=377  player.y=1.20  obs0.x=-31.50
frame=378  player.y=0.00  obs0.x=-31.58
frame=379  player.y=0.00  obs0.x=-31.67
frame=380  player.y=0.00  obs0.x=-31.75
frame=381  player.y=0.00  obs0.x=-31.83
frame=382  player.y=0.00  obs0.x=-31.92
frame=383  player.y=0.00  obs0.x=-32.00
frame=384  player.y=0.00  obs0.x=-32.08
frame=385  player.y=0.00  obs0.x=-32.17
frame=386  player.y=0.00  obs0.x=-32.25
frame=387  player.y=0.00  obs0.x=-32.33
frame=388  player.y=0.00  obs0.x=-32.42
frame=389  player.y=1.20  obs0.x=-32.50
frame=390  player.y=0.00  obs0.x=-32.58
frame=391  player.y=0.00  obs0.x=-32.67
frame=392  player.y=0.00  obs0.x=-32.75
frame=393  player.y=1.20  obs0.x=-32.83
frame=394  player.y=0.00  obs0.x=-32.92
frame=395  player.y=0.00  obs0.x=-33.00
frame=396  player.y=0.00  obs0.x=-33.08
frame=397  player.y=0.00  obs0.x=-33.17
frame=398  player.y=1.20  obs0.x=-33.25
frame=399  player.y=0.00  obs0.x=-33.33
frame=400  player.y=0.00  obs0.x=-33.42
frame=401  player.y=0.00  obs0.x=-33.50
frame=402  player.y=0.00  obs0.x=-33.58
frame=403  player.y=0.00  obs0.x=-33.67
frame=404  player.y=0.00  obs0.x=-33.75
frame=405  player.y=0.00  obs0.x=-33.83
frame=406  player.y=1.20  obs0.x=-33.92
frame=407  player.y=0.00  obs0.x=-34.00
frame=408  player.y=1.20  obs0.x=-34.08
frame=409  player.y=0.00  obs0.x=-34.17
frame=410  player.y=1.20  obs0.x=-34.25
frame=411  player.y=0.00  obs0.x=-34.33
frame=412  player.y=0.00  obs0.x=-34.42
frame=413  player.y=0.00  obs0.x=-34.50
frame=414  player.y=0.00  obs0.x=-34.58
frame=415  player.y=0.00  obs0.x=-34.67
frame=416  player.y=1.20  obs0.x=-34.75
frame=417  player.y=1.20  obs0.x=-34.83
frame=418  player.y=0.00  obs0.x=-34.92
frame=419  player.y=0.00  obs0.x=-35.00
frame=420  player.y=0.00  obs0.x=-35.08
frame=421  player.y=1.20  obs0.x=-35.17
frame=422  player.y=0.00  obs0.x=-35.25
frame=423  player.y=0.00  obs0.x=-35.33
frame=424  player.y=0.00  obs0.x=-35.42
frame=425  player.y=0.00  obs0.x=-35.50
frame=426  player.y=0.00  obs0.x=-35.58
frame=427  player.y=0.00  obs0.x=-35.67
frame=428  player.y=0.00  obs0.x=-35.75
frame=429  player.y=0.00  obs0.x=-35.83
frame=430  player.y=1.20  obs0.x=-35.92
frame=431  player.y=0.00  obs0.x=-36.00
frame=432  player.y=1.20  obs0.x=-36.08
frame=433  player.y=0.00  obs0.x=-36.17
frame=434  player.y=0.00  obs0.x=-36.25
frame=435  player.y=0.00  obs0.x=-36.33
frame=436  player.y=0.00  obs0.x=-36.42
frame=437  player.y=0.00  obs0.x=-36.50
frame=438  player.y=0.00  obs0.x=-36.58
frame=439  player.y=1.20  obs0.x=-36.67
frame=440  player.y=0.00  obs0.x=-36.75
frame=441  player.y=1.20  obs0.x=-36.83
frame=442  player.y=0.00  obs0.x=-36.92
frame=443  player.y=0.00  obs0.x=-37.00
frame=444  player.y=0.00  obs0.x=-37.08
frame=445  player.y=0.00  obs0.x=-37.17
frame=446  player.y=1.20  obs0.x=-37.25
frame=447  player.y=0.00  obs0.x=-37.33
frame=448  player.y=0.00  obs0.x=-37.42
frame=449  player.y=0.00  obs0.x=-37.50
frame=450  player.y=1.20  obs0.x=-37.58
frame=451  player.y=0.00  obs0.x=-37.67
frame=452  player.y=0.00  obs0.x=-37.75
frame=453  player.y=1.20  obs0.x=-37.83
frame=454  player.y=0.00  obs0.x=-37.92
frame=455  player.y=1.20  obs0.x=-38.00
frame=456  player.y=0.00  obs0.x=-38.08
frame=457  player.y=0.00  obs0.x=-38.17
frame=458  player.y=1.20  obs0.x=-38.25
frame=459  player.y=0.00  obs0.x=-38.33
frame=460  player.y=0.00  obs0.x=-38.42
frame=461  player.y=1.20  obs0.x=-38.50
frame=462  player.y=1.20  obs0.x=-38.58
frame=463  player.y=0.00  obs0.x=-38.67
frame=464  player.y=1.20  obs0.x=-38.75
frame=465  player.y=0.00  obs0.x=-38.83
frame=466  player.y=0.00  obs0.x=-38.92
frame=467  player.y=0.00  obs0.x=-39.00
frame=468  player.y=0.00  obs0.x=-39.08
frame=469  player.y=1.20  obs0.x=-39.17
frame=470  player.y=1.20  obs0.x=-39.25
frame=471  player.y=0.00  obs0.x=-39.33
frame=472  player.y=1.20  obs0.x=-39.42
frame=473  player.y=1.20  obs0.x=-39.50
frame=474  player.y=0.00  obs0.x=-39.58
frame=475  player.y=0.00  obs0.x=-39.67
frame=476  player.y=0.00  obs0.x=-39.75
frame=477  player.y=0.00  obs0.x=-39.83
frame=478  player.y=0.00  obs0.x=-39.92
frame=479  player.y=1.20  obs0.x=-40.00
frame=480  player.y=0.00  obs0.x=-40.08
frame=481  player.y=0.00  obs0.x=-40.17
frame=482  player.y=0.00  obs0.x=-40.25
frame=483  player.y=0.00  obs0.x=-40.33
frame=484  player.y=0.00  obs0.x=-40.42
frame=485  player.y=0.00  obs0.x=-40.50
frame=486  player.y=0.00  obs0.x=-40.58
frame=487  player.y=0.00  obs0.x=-40.67
frame=488  player.y=0.00  obs0.x=-40.75
frame=489  player.y=0.00  obs0.x=-40.83
frame=490  player.y=1.20  obs0.x=-40.92
frame=491  player.y=0.00  obs0.x=-41.00
frame=492  player.y=0.00  obs0.x=-41.08
frame=493  player.y=0.00  obs0.x=-41.17
frame=494  player.y=0.00  obs0.x=-41.25
frame=495  player.y=0.00  obs0.x=-41.33
frame=496  player.y=1.20  obs0.x=-41.42
frame=497  player.y=0.00  obs0.x=-41.50
frame=498  player.y=0.00  obs0.x=-41.58
frame=499  player.y=0.00  obs0.x=-41.67
frame=500  player.y=0.00  obs0.x=-41.75
frame=501  player.y=0.00  obs0.x=-41.83
frame=502  player.y=1.20  obs0.x=-41.92
frame=503  player.y=1.20  obs0.x=-42.00
frame=504  player.y=0.00  obs0.x=-42.08
frame=505  player.y=0.00  obs0.x=-42.17
frame=506  player.y=1.20  obs0.x=-42.25
frame=507  player.y=0.00  obs0.x=-42.33
frame=508  player.y=0.00  obs0.x=-42.42
frame=509  player.y=0.00  obs0.x=-42.50
frame=510  player.y=0.00  obs0.x=-42.58
frame=511  player.y=1.20  obs0.x=-42.67
frame=512  player.y=0.00  obs0.x=-42.75
frame=513  player.y=0.00  obs0.x=-42.83
frame=514  player.y=0.00  obs0.x=-42.92
frame=515  player.y=0.00  obs0.x=-43.00
frame=516  player.y=1.20  obs0.x=-43.08
frame=517  player.y=0.00  obs0.x=-43.17
frame=518  player.y=1.20  obs0.x=-43.25
frame=519  player.y=1.20  obs0.x=-43.33
frame=520  player.y=0.00  obs0.x=-43.42
frame=521  player.y=0.00  obs0.x=-43.50
frame=522  player.y=1.20  obs0.x=-43.58
frame=523  player.y=0.00  obs0.x=-43.67
frame=524  player.y=0.00  obs0.x=-43.75
frame=525  player.y=1.20  obs0.x=-43.83
frame=526  player.y=0.00  obs0.x=-43.92
frame=527  player.y=0.00  obs0.x=-44.00
frame=528  player.y=0.00  obs0.x=-44.08
frame=529  player.y=0.00  obs0.x=-44.17
frame=530  player.y=0.00  obs0.x=-44.25
frame=531  player.y=0.00  obs0.x=-44.33
frame=532  player.y=1.20  obs0.x=-44.42
frame=533  player.y=1.20  obs0.x=-44.50
frame=534  player.y=1.20  obs0.x=-44.58
frame=535  player.y=0.00  obs0.x=-44.67
frame=536  player.y=0.00  obs0.x=-44.75
frame=537  player.y=0.00  obs0.x=-44.83
frame=538  player.y=0.00  obs0.x=-44.92
frame=539  player.y=0.00  obs0.x=-45.00
frame=540  player.y=0.00  obs0.x=-45.08
frame=541  player.y=0.00  obs0.x=-45.17
frame=542  player.y=0.00  obs0.x=-45.25
frame=543  player.y=0.00  obs0.x=-45.33
frame=544  player.y=0.00  obs0.x=-45.42
frame=545  player.y=0.00  obs0.x=-45.50
frame=546  player.y=0.00  obs0.x=-45.58
frame=547  player.y=0.00  obs0.x=-45.67
frame=548  player.y=0.00  obs0.x=-45.75
frame=549  player.y=0.00  obs0.x=-45.83
frame=550  player.y=0.00  obs0.x=-45.92
frame=551  player.y=0.00  obs0.x=-46.00
frame=552  player.y=0.00  obs0.x=-46.08
frame=553  player.y=0.00  obs0.x=-46.17
frame=554  player.y=0.00  obs0.x=-46.25
frame=555  player.y=0.00  obs0.x=-46.33
frame=556  player.y=1.20  obs0.x=-46.42
frame=557  player.y=0.00  obs0.x=-46.50
frame=558  player.y=0.00  obs0.x=-46.58
frame=559  player.y=0.00  obs0.x=-46.67
frame=560  player.y=0.00  obs0.x=-46.75
frame=561  player.y=0.00  obs0.x=-46.83
frame=562  player.y=0.00  obs0.x=-46.92
frame=563  player.y=0.00  obs0.x=-47.00
frame=564  player.y=0.00  obs0.x=-47.08
frame=565  player.y=0.00  obs0.x=-47.17
frame=566  player.y=0.00  obs0.x=-47.25
frame=567  player.y=0.00  obs0.x=-47.33
frame=568  player.y=0.00  obs0.x=-47.42
frame=569  player.y=0.00  obs0.x=-47.50
frame=570  player.y=0.00  obs0.x=-47.58
frame=571  player.y=0.00  obs0.x=-47.67
frame=572  player.y=0.00  obs0.x=-47.75
frame=573  player.y=1.20  obs0.x=-47.83
frame=574  player.y=0.00  obs0.x=-47.92
frame=575  player.y=1.20  obs0.x=-48.00
frame=576  player.y=0.00  obs0.x=-48.08
frame=577  player.y=0.00  obs0.x=-48.17
frame=578  player.y=0.00  obs0.x=-48.25
frame=579  player.y=0.00  obs0.x=-48.33
frame=580  player.y=0.00  obs0.x=-48.42
frame=581  player.y=0.00  obs0.x=-48.50
frame=582  player.y=0.00  obs0.x=-48.58
frame=583  player.y=0.00  obs0.x=-48.67
frame=584  player.y=0.00  obs0.x=-48.75
frame=585  player.y=1.20  obs0.x=-48.83
frame=586  player.y=0.00  obs0.x=-48.92
frame=587  player.y=1.20  obs0.x=-49.00
frame=588  player.y=0.00  obs0.x=-49.08
frame=589  player.y=0.00  obs0.x=-49.17
frame=590  player.y=0.00  obs0.x=-49.25
frame=591  player.y=0.00  obs0.x=-49.33
frame=592  player.y=0.00  obs0.x=-49.42
frame=593  player.y=0.00  obs0.x=-49.50
frame=594  player.y=1.20  obs0.x=-49.58
frame=595  player.y=0.00  obs0.x=-49.67
frame=596  player.y=1.20  obs0.x=-49.75
frame=597  player.y=0.00  obs0.x=-49.83
frame=598  player.y=0.00  obs0.x=-49.92
frame=599  player.y=1.20  obs0.x=-50.00
frame=600  player.y=0.00  obs0.x=-50.08
frame=601  player.y=0.00  obs0.x=-50.17
frame=602  player.y=0.00  obs0.x=-50.25
frame=603  player.y=0.00  obs0.x=-50.33
frame=604  player.y=0.00  obs0.x=-50.42
frame=605  player.y=1.20  obs0.x=-50.50
frame=606  player.y=0.00  obs0.x=-50.58
frame=607  player.y=0.00  obs0.x=-50.67
frame=608  player.y=0.00  obs0.x=-50.75
frame=609  player.y=1.20  obs0.x=-50.83
frame=610  player.y=0.00  obs0.x=-50.92
frame=611  player.y=0.00  obs0.x=-51.00
frame=612  player.y=0.00  obs0.x=-51.08
frame=613  player.y=0.00  obs0.x=-51.17
frame=614  player.y=0.00  obs0.x=-51.25
frame=615  player.y=1.20  obs0.x=-51.33
frame=616  player.y=1.20  obs0.x=-51.42
frame=617  player.y=1.20  obs0.x=-51.50
frame=618  player.y=0.00  obs0.x=-51.58
frame=619  player.y=0.00  obs0.x=-51.67
frame=620  player.y=1.20  obs0.x=-51.75
frame=621  player.y=0.00  obs0.x=-51.83
frame=622  player.y=0.00  obs0.x=-51.92
frame=623  player.y=1.20  obs0.x=-52.00
frame=624  player.y=0.00  obs0.x=-52.08
frame=625  player.y=0.00  obs0.x=-52.17
frame=626  player.y=0.00  obs0.x=-52.25
frame=627  player.y=0.00  obs0.x=-52.33
frame=628  player.y=0.00  obs0.x=-52.42
frame=629  player.y=1.20  obs0.x=-52.50
frame=630  player.y=0.00  obs0.x=-52.58
frame=631  player.y=0.00  obs0.x=-52.67
frame=632  player.y=1.20  obs0.x=-52.75
frame=633  player.y=0.00  obs0.x=-52.83
frame=634  player.y=0.00  obs0.x=-52.92
frame=635  player.y=0.00  obs0.x=-53.00
frame=636  player.y=1.20  obs0.x=-53.08
frame=637  player.y=1.20  obs0.x=-53.17
frame=638  player.y=0.00  obs0.x=-53.25
frame=639  player.y=0.00  obs0.x=-53.33
frame=640  player.y=1.20  obs0.x=-53.42
frame=641  player.y=0.00  obs0.x=-53.50
frame=642  player.y=0.00  obs0.x=-53.58
frame=643  player.y=0.00  obs0.x=-53.67
frame=644  player.y=0.00  obs0.x=-53.75
frame=645  player.y=0.00  obs0.x=-53.83
frame=646  player.y=0.00  obs0.x=-53.92
frame=647  player.y=1.20  obs0.x=-54.00
frame=648  player.y=0.00  obs0.x=-54.08
frame=649  player.y=0.00  obs0.x=-54.17
frame=650  player.y=1.20  obs0.x=-54.25
frame=651  player.y=0.00  obs0.x=-54.33
frame=652  player.y=0.00  obs0.x=-54.42
frame=653  player.y=0.00  obs0.x=-54.50
frame=654  player.y=0.00  obs0.x=-54.58
frame=655  player.y=0.00  obs0.x=-54.67
frame=656  player.y=0.00  obs0.x=-54.75
frame=657  player.y=1.20  obs0.x=-54.83
frame=658  player.y=0.00  obs0.x=-54.92
frame=659  player.y=0.00  obs0.x=-55.00
frame=660  player.y=0.00  obs0.x=-55.08
frame=661  player.y=0.00  obs0.x=-55.17
frame=662  player.y=0.00  obs0.x=-55.25
frame=663  player.y=0.00  obs0.x=-55.33
frame=664  player.y=0.00  obs0.x=-55.42
frame=665  player.y=0.00  obs0.x=-55.50
frame=666  player.y=0.00  obs0.x=-55.58
frame=667  player.y=0.00  obs0.x=-55.67
frame=668  player.y=0.00  obs0.x=-55.75
frame=669  player.y=0.00  obs0.x=-55.83
frame=670  player.y=0.00  obs0.x=-55.92
frame=671  player.y=0.00  obs0.x=-56.00
frame=672  player.y=1.20  obs0.x=-56.08
frame=673  player.y=1.20  obs0.x=-56.17
frame=674  player.y=0.00  obs0.x=-56.25
frame=675  player.y=0.00  obs0.x=-56.33
frame=676  player.y=1.20  obs0.x=-56.42
frame=677  player.y=0.00  obs0.x=-56.50
frame=678  player.y=0.00  obs0.x=-56.58
frame=679  player.y=0.00  obs0.x=-56.67
frame=680  player.y=0.00  obs0.x=-56.75
frame=681  player.y=0.00  obs0.x=-56.83
frame=682  player.y=0.00  obs0.x=-56.92
frame=683  player.y=1.20  obs0.x=-57.00
frame=684  player.y=1.20  obs0.x=-57.08
frame=685  player.y=0.00  obs0.x=-57.17
frame=686  player.y=0.00  obs0.x=-57.25
frame=687  player.y=0.00  obs0.x=-57.33
frame=688  player.y=1.20  obs0.x=-57.42
frame=689  player.y=0.00  obs0.x=-57.50
frame=690  player.y=0.00  obs0.x=-57.58
frame=691  player.y=0.00  obs0.x=-57.67
frame=692  player.y=0.00  obs0.x=-57.75
frame=693  player.y=0.00  obs0.x=-57.83
frame=694  player.y=0.00  obs0.x=-57.92
frame=695  player.y=0.00  obs0.x=-58.00
frame=696  player.y=0.00  obs0.x=-58.08
frame=697  player.y=0.00  obs0.x=-58.17
frame=698  player.y=0.00  obs0.x=-58.25
frame=699  player.y=0.00  obs0.x=-58.33
frame=700  player.y=0.00  obs0.x=-58.42
frame=701  player.y=0.00  obs0.x=-58.50
frame=702  player.y=0.00  obs0.x=-58.58
frame=703  player.y=0.00  obs0.x=-58.67
frame=704  player.y=0.00  obs0.x=-58.75
frame=705  player.y=0.00  obs0.x=-58.83
frame=706  player.y=0.00  obs0.x=-58.92
frame=707  player.y=0.00  obs0.x=-59.00
frame=708  player.y=0.00  obs0.x=-59.08
frame=709  player.y=1.20  obs0.x=-59.17
frame=710  player.y=0.00  obs0.x=-59.25
frame=711  player.y=0.00  obs0.x=-59.33
frame=712  player.y=0.00  obs0.x=-59.42
frame=713  player.y=0.00  obs0.x=-59.50
frame=714  player.y=1.20  obs0.x=-59.58
frame=715  player.y=0.00  obs0.x=-59.67
frame=716  player.y=0.00  obs0.x=-59.75
frame=717  player.y=0.00  obs0.x=-59.83
frame=718  player.y=0.00  obs0.x=-59.92
frame=719  player.y=0.00  obs0.x=-60.00
frame=720  player.y=1.20  obs0.x=-60.08
frame=721  player.y=1.20  obs0.x=-60.17
frame=722  player.y=1.20  obs0.x=-60.25
frame=723  player.y=0.00  obs0.x=-60.33
frame=724  player.y=0.00  obs0.x=-60.42
frame=725  player.y=0.00  obs0.x=-60.50
frame=726  player.y=0.00  obs0.x=-60.58
frame=727  player.y=0.00  obs0.x=-60.67
frame=728  player.y=0.00  obs0.x=-60.75
frame=729  player.y=0.00  obs0.x=-60.83
frame=730  player.y=0.00  obs0.x=-60.92
frame=731  player.y=0.00  obs0.x=-61.00
frame=732  player.y=0.00  obs0.x=-61.08
frame=733  player.y=0.00  obs0.x=-61.17
frame=734  player.y=0.00  obs0.x=-61.25
frame=735  player.y=1.20  obs0.x=-61.33
frame=736  player.y=1.20  obs0.x=-61.42
frame=737  player.y=0.00  obs0.x=-61.50
frame=738  player.y=1.20  obs0.x=-61.58
frame=739  player.y=0.00  obs0.x=-61.67
frame=740  player.y=1.20  obs0.x=-61.75
frame=741  player.y=0.00  obs0.x=-61.83
frame=742  player.y=0.00  obs0.x=-61.92
frame=743  player.y=0.00  obs0.x=-62.00
frame=744  player.y=0.00  obs0.x=-62.08
frame=745  player.y=1.20  obs0.x=-62.17
frame=746  player.y=0.00  obs0.x=-62.25
frame=747  player.y=0.00  obs0.x=-62.33
frame=748  player.y=0.00  obs0.x=-62.42
frame=749  player.y=0.00  obs0.x=-62.50
frame=750  player.y=0.00  obs0.x=-62.58
frame=751  player.y=0.00  obs0.x=-62.67
frame=752  player.y=0.00  obs0.x=-62.75
frame=753  player.y=0.00  obs0.x=-62.83
frame=754  player.y=0.00  obs0.x=-62.92
frame=755  player.y=1.20  obs0.x=-63.00
frame=756  player.y=0.00  obs0.x=-63.08
frame=757  player.y=0.00  obs0.x=-63.17
frame=758  player.y=1.20  obs0.x=-63.25
frame=759  player.y=0.00  obs0.x=-63.33
frame=760  player.y=0.00  obs0.x=-63.42
frame=761  player.y=1.20  obs0.x=-63.50
frame=762  player.y=0.00  obs0.x=-63.58
frame=763  player.y=0.00  obs0.x=-63.67
frame=764  player.y=0.00  obs0.x=-63.75
frame=765  player.y=0.00  obs0.x=-63.83
frame=766  player.y=0.00  obs0.x=-63.92
frame=767  player.y=0.00  obs0.x=-64.00
frame=768  player.y=0.00  obs0.x=-64.08
frame=769  player.y=0.00  obs0.x=-64.17
frame=770  player.y=1.20  obs0.x=-64.25
frame=771  player.y=0.00  obs0.x=-64.33
frame=772  player.y=0.00  obs0.x=-64.42
frame=773  player.y=0.00  obs0.x=-64.50
frame=774  player.y=1.20  obs0.x=-64.58
frame=775  player.y=0.00  obs0.x=-64.67
frame=776  player.y=1.20  obs0.x=-64.75
frame=777  player.y=0.00  obs0.x=-64.83
frame=778  player.y=0.00  obs0.x=-64.92
frame=779  player.y=1.20  obs0.x=-65.00
frame=780  player.y=0.00  obs0.x=-65.08
frame=781  player.y=1.20  obs0.x=-65.17
frame=782  player.y=0.00  obs0.x=-65.25
frame=783  player.y=0.00  obs0.x=-65.33
frame=784  player.y=0.00  obs0.x=-65.42
frame=785  player.y=0.00  obs0.x=-65.50
frame=786  player.y=0.00  obs0.x=-65.58
frame=787  player.y=0.00  obs0.x=-65.67
frame=788  player.y=0.00  obs0.x=-65.75
frame=789  player.y=0.00  obs0.x=-65.83
frame=790  player.y=0.00  obs0.x=-65.92
frame=791  player.y=0.00  obs0.x=-66.00
frame=792  player.y=0.00  obs0.x=-66.08
frame=793  player.y=0.00  obs0.x=-66.17
frame=794  player.y=0.00  obs0.x=-66.25
frame=795  player.y=0.00  obs0.x=-66.33
frame=796  player.y=0.00  obs0.x=-66.42
frame=797  player.y=0.00  obs0.x=-66.50
frame=798  player.y=0.00  obs0.x=-66.58
frame=799  player.y=0.00  obs0.x=-66.67
frame=800  player.y=1.20  obs0.x=-66.75
frame=801  player.y=0.00  obs0.x=-66.83
frame=802  player.y=0.00  obs0.x=-66.92
frame=803  player.y=0.00  obs0.x=-67.00
frame=804  player.y=1.20  obs0.x=-67.08
frame=805  player.y=0.00  obs0.x=-67.17
frame=806  player.y=0.00  obs0.x=-67.25
frame=807  player.y=1.20  obs0.x=-67.33
frame=808  player.y=0.00  obs0.x=-67.42
frame=809  player.y=1.20  obs0.x=-67.50
frame=810  player.y=1.20  obs0.x=-67.58
frame=811  player.y=1.20  obs0.x=-67.67
frame=812  player.y=1.20  obs0.x=-67.75
frame=813  player.y=1.20  obs0.x=-67.83
frame=814  player.y=1.20  obs0.x=-67.92
frame=815  player.y=0.00  obs0.x=-68.00
frame=816  player.y=0.00  obs0.x=-68.08
frame=817  player.y=0.00  obs0.x=-68.17
frame=818  player.y=0.00  obs0.x=-68.25
frame=819  player.y=0.00  obs0.x=-68.33
frame=820  player.y=0.00  obs0.x=-68.42
frame=821  player.y=1.20  obs0.x=-68.50
frame=822  player.y=0.00  obs0.x=-68.58
frame=823  player.y=0.00  obs0.x=-68.67
frame=824  player.y=1.20  obs0.x=-68.75
frame=825  player.y=1.20  obs0.x=-68.83
frame=826  player.y=1.20  obs0.x=-68.92
frame=827  player.y=0.00  obs0.x=-69.00
frame=828  player.y=0.00  obs0.x=-69.08
frame=829  player.y=0.00  obs0.x=-69.17
frame=830  player.y=0.00  obs0.x=-69.25
frame=831  player.y=0.00  obs0.x=-69.33
frame=832  player.y=0.00  obs0.x=-69.42
frame=833  player.y=0.00  obs0.x=-69.50
frame=834  player.y=0.00  obs0.x=-69.58
frame=835  player.y=1.20  obs0.x=-69.67
frame=836  player.y=1.20  obs0.x=-69.75
frame=837  player.y=0.00  obs0.x=-69.83
frame=838  player.y=1.20  obs0.x=-69.92
frame=839  player.y=0.00  obs0.x=-70.00
frame=840  player.y=0.00  obs0.x=-70.08
frame=841  player.y=0.00  obs0.x=-70.17
frame=842  player.y=1.20  obs0.x=-70.25
frame=843  player.y=1.20  obs0.x=-70.33
frame=844  player.y=0.00  obs0.x=-70.42
frame=845  player.y=0.00  obs0.x=-70.50
frame=846  player.y=0.00  obs0.x=-70.58
frame=847  player.y=1.20  obs0.x=-70.67
frame=848  player.y=0.00  obs0.x=-70.75
frame=849  player.y=0.00  obs0.x=-70.83
frame=850  player.y=1.20  obs0.x=-70.92
frame=851  player.y=1.20  obs0.x=-71.00
frame=852  player.y=0.00  obs0.x=-71.08
frame=853  player.y=1.20  obs0.x=-71.17
frame=854  player.y=0.00  obs0.x=-71.25
frame=855  player.y=0.00  obs0.x=-71.33
frame=856  player.y=0.00  obs0.x=-71.42
frame=857  player.y=0.00  obs0.x=-71.50
frame=858  player.y=1.20  obs0.x=-71.58
frame=859  player.y=0.00  obs0.x=-71.67
frame=860  player.y=0.00  obs0.x=-71.75
frame=861  player.y=0.00  obs0.x=-71.83
frame=862  player.y=0.00  obs0.x=-71.92
frame=863  player.y=0.00  obs0.x=-72.00
frame=864  player.y=1.20  obs0.x=-72.08
frame=865  player.y=0.00  obs0.x=-72.17
frame=866  player.y=0.00  obs0.x=-72.25
frame=867  player.y=0.00  obs0.x=-72.33
frame=868  player.y=0.00  obs0.x=-72.42
frame=869  player.y=0.00  obs0.x=-72.50
frame=870  player.y=0.00  obs0.x=-72.58
frame=871  player.y=1.20  obs0.x=-72.67
frame=872  player.y=0.00  obs0.x=-72.75
frame=873  player.y=1.20  obs0.x=-72.83
frame=874  player.y=1.20  obs0.x=-72.92
frame=875  player.y=0.00  obs0.x=-73.00
frame=876  player.y=0.00  obs0.x=-73.08
frame=877  player.y=1.20  obs0.x=-73.17
frame=878  player.y=0.00  obs0.x=-73.25
frame=879  player.y=1.20  obs0.x=-73.33
frame=880  player.y=0.00  obs0.x=-73.42
frame=881  player.y=1.20  obs0.x=-73.50
frame=882  player.y=0.00  obs0.x=-73.58
frame=883  player.y=1.20  obs0.x=-73.67
frame=884  player.y=0.00  obs0.x=-73.75
frame=885  player.y=0.00  obs0.x=-73.83
frame=886  player.y=1.20  obs0.x=-73.92
frame=887  player.y=0.00  obs0.x=-74.00
frame=888  player.y=0.00  obs0.x=-74.08
frame=889  player.y=0.00  obs0.x=-74.17
frame=890  player.y=1.20  obs0.x=-74.25
frame=891  player.y=0.00  obs0.x=-74.33
frame=892  player.y=0.00  obs0.x=-74.42
frame=893  player.y=0.00  obs0.x=-74.50
frame=894  player.y=0.00  obs0.x=-74.58
frame=895  player.y=1.20  obs0.x=-74.67
frame=896  player.y=0.00  obs0.x=-74.75
frame=897  player.y=0.00  obs0.x=-74.83
frame=898  player.y=1.20  obs0.x=-74.92
frame=899  player.y=0.00  obs0.x=-75.00
frame=900  player.y=0.00  obs0.x=-75.08
frame=901  player.y=0.00  obs0.x=-75.17
frame=902  player.y=0.00  obs0.x=-75.25
frame=903  player.y=1.20  obs0.x=-75.33
frame=904  player.y=0.00  obs0.x=-75.42
frame=905  player.y=0.00  obs0.x=-75.50
frame=906  player.y=1.20  obs0.x=-75.58
frame=907  player.y=0.00  obs0.x=-75.67
frame=908  player.y=0.00  obs0.x=-75.75
frame=909  player.y=0.00  obs0.x=-75.83
frame=910  player.y=0.00  obs0.x=-75.92
frame=911  player.y=1.20  obs0.x=-76.00
frame=912  player.y=1.20  obs0.x=-76.08
frame=913  player.y=0.00  obs0.x=-76.17
frame=914  player.y=0.00  obs0.x=-76.25
frame=915  player.y=0.00  obs0.x=-76.33
frame=916  player.y=0.00  obs0.x=-76.42
frame=917  player.y=1.20  obs0.x=-76.50
frame=918  player.y=1.20  obs0.x=-76.58
frame=919  player.y=0.00  obs0.x=-76.67
frame=920  player.y=0.00  obs0.x=-76.75
frame=921  player.y=1.20  obs0.x=-76.83
frame=922  player.y=0.00  obs0.x=-76.92
frame=923  player.y=1.20  obs0.x=-77.00
frame=924  player.y=0.00  obs0.x=-77.08
frame=925  player.y=1.20  obs0.x=-77.17
frame=926  player.y=0.00  obs0.x=-77.25
frame=927  player.y=0.00  obs0.x=-77.33
frame=928  player.y=0.00  obs0.x=-77.42
frame=929  player.y=0.00  obs0.x=-77.50
frame=930  player.y=0.00  obs0.x=-77.58
frame=931  player.y=0.00  obs0.x=-77.67
frame=932  player.y=0.00  obs0.x=-77.75
frame=933  player.y=0.00  obs0.x=-77.83
frame=934  player.y=0.00  obs0.x=-77.92
frame=935  player.y=0.00  obs0.x=-78.00
frame=936  player.y=1.20  obs0.x=-78.08
frame=937  player.y=0.00  obs0.x=-78.17
frame=938  player.y=0.00  obs0.x=-78.25
frame=939  player.y=1.20  obs0.x=-78.33
frame=940  player.y=1.20  obs0.x=-78.42
frame=941  player.y=0.00  obs0.x=-78.50
frame=942  player.y=1.20  obs0.x=-78.58
frame=943  player.y=0.00  obs0.x=-78.67
frame=944  player.y=1.20  obs0.x=-78.75
frame=945  player.y=1.20  obs0.x=-78.83
frame=946  player.y=0.00  obs0.x=-78.92
frame=947  player.y=1.20  obs0.x=-79.00
frame=948  player.y=0.00  obs0.x=-79.08
frame=949  player.y=0.00  obs0.x=-79.17
frame=950  player.y=0.00  obs0.x=-79.25
frame=951  player.y=0.00  obs0.x=-79.33
frame=952  player.y=1.20  obs0.x=-79.42
frame=953  player.y=0.00  obs0.x=-79.50
frame=954  player.y=0.00  obs0.x=-79.58
frame=955  player.y=0.00  obs0.x=-79.67
frame=956  player.y=0.00  obs0.x=-79.75
frame=957  player.y=0.00  obs0.x=-79.83
frame=958  player.y=0.00  obs0.x=-79.92
frame=959  player.y=0.00  obs0.x=-80.00
frame=960  player.y=1.20  obs0.x=-80.08
frame=961  player.y=0.00  obs0.x=-80.17
frame=962  player.y=0.00  obs0.x=-80.25
frame=963  player.y=1.20  obs0.x=-80.33
frame=964  player.y=1.20  obs0.x=-80.42
frame=965  player.y=0.00  obs0.x=-80.50
frame=966  player.y=1.20  obs0.x=-80.58
frame=967  player.y=0.00  obs0.x=-80.67
frame=968  player.y=0.00  obs0.x=-80.75
frame=969  player.y=1.20  obs0.x=-80.83
frame=970  player.y=0.00  obs0.x=-80.92
frame=971  player.y=1.20  obs0.x=-81.00
frame=972  player.y=1.20  obs0.x=-81.08
frame=973  player.y=0.00  obs0.x=-81.17
frame=974  player.y=1.20  obs0.x=-81.25
frame=975  player.y=1.20  obs0.x=-81.33
frame=976  player.y=0.00  obs0.x=-81.42
frame=977  player.y=0.00  obs0.x=-81.50
frame=978  player.y=1.20  obs0.x=-81.58
frame=979  player.y=0.00  obs0.x=-81.67
frame=980  player.y=0.00  obs0.x=-81.75
frame=981  player.y=0.00  obs0.x=-81.83
frame=982  player.y=0.00  obs0.x=-81.92
frame=983  player.y=0.00  obs0.x=-82.00
frame=984  player.y=0.00  obs0.x=-82.08
frame=985  player.y=0.00  obs0.x=-82.17
frame=986  player.y=0.00  obs0.x=-82.25
frame=987  player.y=1.20  obs0.x=-82.33
frame=988  player.y=0.00  obs0.x=-82.42
frame=989  player.y=0.00  obs0.x=-82.50
frame=990  player.y=0.00  obs0.x=-82.58
frame=991  player.y=0.00  obs0.x=-82.67
frame=992  player.y=0.00  obs0.x=-82.75
frame=993  player.y=0.00  obs0.x=-82.83
frame=994  player.y=0.00  obs0.x=-82.92
frame=995  player.y=0.00  obs0.x=-83.00
frame=996  player.y=0.00  obs0.x=-83.08
frame=997  player.y=0.00  obs0.x=-83.17
frame=998  player.y=0.00  obs0.x=-83.25
frame=999  player.y=0.00  obs0.x=-83.33
Colisiones totales: 673
RESULTADO: MUERE
Tiempo total simulacion: 48.709 ms
