frame=   0 | y=1.20 | obs0_x=-0.08
frame=   1 | y=1.20 | obs0_x=-0.17
frame=   2 | y=0.00 | obs0_x=-0.25
frame=   3 | y=0.00 | obs0_x=-0.33
frame=   4 | y=0.00 | obs0_x=-0.42
frame=   5 | y=1.20 | obs0_x=-0.50
frame=   6 | y=1.20 | obs0_x=-0.58
frame=   7 | y=0.00 | obs0_x=-0.67
frame=   8 | y=0.00 | obs0_x=-0.75
frame=   9 | y=0.00 | obs0_x=-0.83
frame=  10 | y=0.00 | obs0_x=-0.92
frame=  11 | y=0.00 | obs0_x=-1.00
frame=  12 | y=0.00 | obs0_x=-1.08
frame=  13 | y=1.20 | obs0_x=-1.17
frame=  14 | y=1.20 | obs0_x=-1.25
frame=  15 | y=0.00 | obs0_x=-1.33
frame=  16 | y=0.00 | obs0_x=-1.42
frame=  17 | y=1.20 | obs0_x=-1.50
frame=  18 | y=0.00 | obs0_x=-1.58
frame=  19 | y=1.20 | obs0_x=-1.67
frame=  20 | y=0.00 | obs0_x=-1.75
frame=  21 | y=0.00 | obs0_x=-1.83
frame=  22 | y=0.00 | obs0_x=-1.92
frame=  23 | y=0.00 | obs0_x=-2.00
frame=  24 | y=0.00 | obs0_x=-2.08
frame=  25 | y=0.00 | obs0_x=-2.17
frame=  26 | y=1.20 | obs0_x=-2.25
frame=  27 | y=0.00 | obs0_x=-2.33
frame=  28 | y=0.00 | obs0_x=-2.42
frame=  29 | y=0.00 | obs0_x=-2.50
frame=  30 | y=0.00 | obs0_x=-2.58
frame=  31 | y=0.00 | obs0_x=-2.67
frame=  32 | y=0.00 | obs0_x=-2.75
frame=  33 | y=1.20 | obs0_x=-2.83
frame=  34 | y=0.00 | obs0_x=-2.92
frame=  35 | y=0.00 | obs0_x=-3.00
frame=  36 | y=0.00 | obs0_x=-3.08
frame=  37 | y=0.00 | obs0_x=-3.17
frame=  38 | y=0.00 | obs0_x=-3.25
frame=  39 | y=0.00 | obs0_x=-3.33
frame=  40 | y=1.20 | obs0_x=-3.42
frame=  41 | y=0.00 | obs0_x=-3.50
frame=  42 | y=0.00 | obs0_x=-3.58
frame=  43 | y=0.00 | obs0_x=-3.67
frame=  44 | y=0.00 | obs0_x=-3.75
frame=  45 | y=1.20 | obs0_x=-3.83
frame=  46 | y=0.00 | obs0_x=-3.92
frame=  47 | y=0.00 | obs0_x=-4.00
frame=  48 | y=0.00 | obs0_x=-4.08
frame=  49 | y=0.00 | obs0_x=-4.17
frame=  50 | y=0.00 | obs0_x=-4.25
frame=  51 | y=0.00 | obs0_x=-4.33
frame=  52 | y=1.20 | obs0_x=-4.42
frame=  53 | y=0.00 | obs0_x=-4.50
frame=  54 | y=0.00 | obs0_x=-4.58
frame=  55 | y=1.20 | obs0_x=-4.67
frame=  56 | y=0.00 | obs0_x=-4.75
frame=  57 | y=0.00 | obs0_x=-4.83
frame=  58 | y=0.00 | obs0_x=-4.92
frame=  59 | y=1.20 | obs0_x=-5.00
frame=  60 | y=0.00 | obs0_x=-5.08
frame=  61 | y=0.00 | obs0_x=-5.17
frame=  62 | y=0.00 | obs0_x=-5.25
frame=  63 | y=0.00 | obs0_x=-5.33
frame=  64 | y=0.00 | obs0_x=-5.42
frame=  65 | y=0.00 | obs0_x=-5.50
frame=  66 | y=0.00 | obs0_x=-5.58
frame=  67 | y=1.20 | obs0_x=-5.67
frame=  68 | y=0.00 | obs0_x=-5.75
frame=  69 | y=1.20 | obs0_x=-5.83
frame=  70 | y=0.00 | obs0_x=-5.92
frame=  71 | y=0.00 | obs0_x=-6.00
frame=  72 | y=0.00 | obs0_x=-6.08
frame=  73 | y=0.00 | obs0_x=-6.17
frame=  74 | y=0.00 | obs0_x=-6.25
frame=  75 | y=0.00 | obs0_x=-6.33
frame=  76 | y=0.00 | obs0_x=-6.42
frame=  77 | y=1.20 | obs0_x=-6.50
frame=  78 | y=0.00 | obs0_x=-6.58
frame=  79 | y=0.00 | obs0_x=-6.67
frame=  80 | y=0.00 | obs0_x=-6.75
frame=  81 | y=1.20 | obs0_x=-6.83
frame=  82 | y=1.20 | obs0_x=-6.92
frame=  83 | y=0.00 | obs0_x=-7.00
frame=  84 | y=0.00 | obs0_x=-7.08
frame=  85 | y=0.00 | obs0_x=-7.17
frame=  86 | y=0.00 | obs0_x=-7.25
frame=  87 | y=0.00 | obs0_x=-7.33
frame=  88 | y=0.00 | obs0_x=-7.42
frame=  89 | y=0.00 | obs0_x=-7.50
frame=  90 | y=1.20 | obs0_x=-7.58
frame=  91 | y=0.00 | obs0_x=-7.67
frame=  92 | y=0.00 | obs0_x=-7.75
frame=  93 | y=0.00 | obs0_x=-7.83
frame=  94 | y=0.00 | obs0_x=-7.92
frame=  95 | y=0.00 | obs0_x=-8.00
frame=  96 | y=0.00 | obs0_x=-8.08
frame=  97 | y=0.00 | obs0_x=-8.17
frame=  98 | y=0.00 | obs0_x=-8.25
frame=  99 | y=0.00 | obs0_x=-8.33
frame= 100 | y=0.00 | obs0_x=-8.42
frame= 101 | y=0.00 | obs0_x=-8.50
frame= 102 | y=0.00 | obs0_x=-8.58
frame= 103 | y=1.20 | obs0_x=-8.67
frame= 104 | y=1.20 | obs0_x=-8.75
frame= 105 | y=0.00 | obs0_x=-8.83
frame= 106 | y=0.00 | obs0_x=-8.92
frame= 107 | y=1.20 | obs0_x=-9.00
frame= 108 | y=0.00 | obs0_x=-9.08
frame= 109 | y=0.00 | obs0_x=-9.17
frame= 110 | y=0.00 | obs0_x=-9.25
frame= 111 | y=0.00 | obs0_x=-9.33
frame= 112 | y=0.00 | obs0_x=-9.42
frame= 113 | y=0.00 | obs0_x=-9.50
frame= 114 | y=0.00 | obs0_x=-9.58
frame= 115 | y=0.00 | obs0_x=-9.67
frame= 116 | y=1.20 | obs0_x=-9.75
frame= 117 | y=1.20 | obs0_x=-9.83
frame= 118 | y=0.00 | obs0_x=-9.92
frame= 119 | y=1.20 | obs0_x=-10.00
frame= 120 | y=1.20 | obs0_x=-10.08
frame= 121 | y=0.00 | obs0_x=-10.17
frame= 122 | y=1.20 | obs0_x=-10.25
frame= 123 | y=0.00 | obs0_x=-10.33
frame= 124 | y=1.20 | obs0_x=-10.42
frame= 125 | y=0.00 | obs0_x=-10.50
frame= 126 | y=0.00 | obs0_x=-10.58
frame= 127 | y=1.20 | obs0_x=-10.67
frame= 128 | y=1.20 | obs0_x=-10.75
frame= 129 | y=0.00 | obs0_x=-10.83
frame= 130 | y=0.00 | obs0_x=-10.92
frame= 131 | y=0.00 | obs0_x=-11.00
frame= 132 | y=1.20 | obs0_x=-11.08
frame= 133 | y=0.00 | obs0_x=-11.17
frame= 134 | y=0.00 | obs0_x=-11.25
frame= 135 | y=0.00 | obs0_x=-11.33
frame= 136 | y=0.00 | obs0_x=-11.42
frame= 137 | y=1.20 | obs0_x=-11.50
frame= 138 | y=0.00 | obs0_x=-11.58
frame= 139 | y=0.00 | obs0_x=-11.67
frame= 140 | y=0.00 | obs0_x=-11.75
frame= 141 | y=0.00 | obs0_x=-11.83
frame= 142 | y=0.00 | obs0_x=-11.92
frame= 143 | y=1.20 | obs0_x=-12.00
frame= 144 | y=0.00 | obs0_x=-12.08
frame= 145 | y=0.00 | obs0_x=-12.17
frame= 146 | y=1.20 | obs0_x=-12.25
frame= 147 | y=0.00 | obs0_x=-12.33
frame= 148 | y=0.00 | obs0_x=-12.42
frame= 149 | y=0.00 | obs0_x=-12.50
frame= 150 | y=0.00 | obs0_x=-12.58
frame= 151 | y=0.00 | obs0_x=-12.67
frame= 152 | y=1.20 | obs0_x=-12.75
frame= 153 | y=1.20 | obs0_x=-12.83
frame= 154 | y=0.00 | obs0_x=-12.92
frame= 155 | y=0.00 | obs0_x=-13.00
frame= 156 | y=1.20 | obs0_x=-13.08
frame= 157 | y=0.00 | obs0_x=-13.17
frame= 158 | y=0.00 | obs0_x=-13.25
frame= 159 | y=0.00 | obs0_x=-13.33
frame= 160 | y=1.20 | obs0_x=-13.42
frame= 161 | y=0.00 | obs0_x=-13.50
frame= 162 | y=0.00 | obs0_x=-13.58
frame= 163 | y=1.20 | obs0_x=-13.67
frame= 164 | y=1.20 | obs0_x=-13.75
frame= 165 | y=0.00 | obs0_x=-13.83
frame= 166 | y=0.00 | obs0_x=-13.92
frame= 167 | y=1.20 | obs0_x=-14.00
frame= 168 | y=0.00 | obs0_x=-14.08
frame= 169 | y=0.00 | obs0_x=-14.17
frame= 170 | y=1.20 | obs0_x=-14.25
frame= 171 | y=0.00 | obs0_x=-14.33
frame= 172 | y=1.20 | obs0_x=-14.42
frame= 173 | y=1.20 | obs0_x=-14.50
frame= 174 | y=1.20 | obs0_x=-14.58
frame= 175 | y=0.00 | obs0_x=-14.67
frame= 176 | y=0.00 | obs0_x=-14.75
frame= 177 | y=1.20 | obs0_x=-14.83
frame= 178 | y=0.00 | obs0_x=-14.92
frame= 179 | y=0.00 | obs0_x=-15.00
frame= 180 | y=0.00 | obs0_x=-15.08
frame= 181 | y=0.00 | obs0_x=-15.17
frame= 182 | y=0.00 | obs0_x=-15.25
frame= 183 | y=0.00 | obs0_x=-15.33
frame= 184 | y=0.00 | obs0_x=-15.42
frame= 185 | y=1.20 | obs0_x=-15.50
frame= 186 | y=0.00 | obs0_x=-15.58
frame= 187 | y=0.00 | obs0_x=-15.67
frame= 188 | y=0.00 | obs0_x=-15.75
frame= 189 | y=0.00 | obs0_x=-15.83
frame= 190 | y=0.00 | obs0_x=-15.92
frame= 191 | y=0.00 | obs0_x=-16.00
frame= 192 | y=0.00 | obs0_x=-16.08
frame= 193 | y=0.00 | obs0_x=-16.17
frame= 194 | y=0.00 | obs0_x=-16.25
frame= 195 | y=0.00 | obs0_x=-16.33
frame= 196 | y=0.00 | obs0_x=-16.42
frame= 197 | y=0.00 | obs0_x=-16.50
frame= 198 | y=0.00 | obs0_x=-16.58
frame= 199 | y=0.00 | obs0_x=-16.67
frame= 200 | y=0.00 | obs0_x=-16.75
frame= 201 | y=0.00 | obs0_x=-16.83
frame= 202 | y=0.00 | obs0_x=-16.92
frame= 203 | y=0.00 | obs0_x=-17.00
frame= 204 | y=0.00 | obs0_x=-17.08
frame= 205 | y=0.00 | obs0_x=-17.17
frame= 206 | y=0.00 | obs0_x=-17.25
frame= 207 | y=0.00 | obs0_x=-17.33
frame= 208 | y=1.20 | obs0_x=-17.42
frame= 209 | y=0.00 | obs0_x=-17.50
frame= 210 | y=0.00 | obs0_x=-17.58
frame= 211 | y=0.00 | obs0_x=-17.67
frame= 212 | y=0.00 | obs0_x=-17.75
frame= 213 | y=0.00 | obs0_x=-17.83
frame= 214 | y=0.00 | obs0_x=-17.92
frame= 215 | y=0.00 | obs0_x=-18.00
frame= 216 | y=0.00 | obs0_x=-18.08
frame= 217 | y=0.00 | obs0_x=-18.17
frame= 218 | y=0.00 | obs0_x=-18.25
frame= 219 | y=1.20 | obs0_x=-18.33
frame= 220 | y=0.00 | obs0_x=-18.42
frame= 221 | y=0.00 | obs0_x=-18.50
frame= 222 | y=0.00 | obs0_x=-18.58
frame= 223 | y=1.20 | obs0_x=-18.67
frame= 224 | y=0.00 | obs0_x=-18.75
frame= 225 | y=0.00 | obs0_x=-18.83
frame= 226 | y=0.00 | obs0_x=-18.92
frame= 227 | y=0.00 | obs0_x=-19.00
frame= 228 | y=1.20 | obs0_x=-19.08
frame= 229 | y=0.00 | obs0_x=-19.17
frame= 230 | y=0.00 | obs0_x=-19.25
frame= 231 | y=0.00 | obs0_x=-19.33
frame= 232 | y=0.00 | obs0_x=-19.42
frame= 233 | y=1.20 | obs0_x=-19.50
frame= 234 | y=0.00 | obs0_x=-19.58
frame= 235 | y=0.00 | obs0_x=-19.67
frame= 236 | y=1.20 | obs0_x=-19.75
frame= 237 | y=0.00 | obs0_x=-19.83
frame= 238 | y=0.00 | obs0_x=-19.92
frame= 239 | y=0.00 | obs0_x=-20.00
frame= 240 | y=0.00 | obs0_x=-20.08
frame= 241 | y=0.00 | obs0_x=-20.17
frame= 242 | y=0.00 | obs0_x=-20.25
frame= 243 | y=0.00 | obs0_x=-20.33
frame= 244 | y=0.00 | obs0_x=-20.42
frame= 245 | y=1.20 | obs0_x=-20.50
frame= 246 | y=0.00 | obs0_x=-20.58
frame= 247 | y=1.20 | obs0_x=-20.67
frame= 248 | y=0.00 | obs0_x=-20.75
frame= 249 | y=0.00 | obs0_x=-20.83
frame= 250 | y=1.20 | obs0_x=-20.92
frame= 251 | y=1.20 | obs0_x=-21.00
frame= 252 | y=0.00 | obs0_x=-21.08
frame= 253 | y=0.00 | obs0_x=-21.17
frame= 254 | y=0.00 | obs0_x=-21.25
frame= 255 | y=0.00 | obs0_x=-21.33
frame= 256 | y=0.00 | obs0_x=-21.42
frame= 257 | y=0.00 | obs0_x=-21.50
frame= 258 | y=1.20 | obs0_x=-21.58
frame= 259 | y=0.00 | obs0_x=-21.67
frame= 260 | y=0.00 | obs0_x=-21.75
frame= 261 | y=0.00 | obs0_x=-21.83
frame= 262 | y=1.20 | obs0_x=-21.92
frame= 263 | y=1.20 | obs0_x=-22.00
frame= 264 | y=0.00 | obs0_x=-22.08
frame= 265 | y=0.00 | obs0_x=-22.17
frame= 266 | y=1.20 | obs0_x=-22.25
frame= 267 | y=1.20 | obs0_x=-22.33
frame= 268 | y=1.20 | obs0_x=-22.42
frame= 269 | y=0.00 | obs0_x=-22.50
frame= 270 | y=0.00 | obs0_x=-22.58
frame= 271 | y=0.00 | obs0_x=-22.67
frame= 272 | y=0.00 | obs0_x=-22.75
frame= 273 | y=0.00 | obs0_x=-22.83
frame= 274 | y=0.00 | obs0_x=-22.92
frame= 275 | y=0.00 | obs0_x=-23.00
frame= 276 | y=0.00 | obs0_x=-23.08
frame= 277 | y=0.00 | obs0_x=-23.17
frame= 278 | y=0.00 | obs0_x=-23.25
frame= 279 | y=0.00 | obs0_x=-23.33
frame= 280 | y=1.20 | obs0_x=-23.42
frame= 281 | y=1.20 | obs0_x=-23.50
frame= 282 | y=1.20 | obs0_x=-23.58
frame= 283 | y=0.00 | obs0_x=-23.67
frame= 284 | y=1.20 | obs0_x=-23.75
frame= 285 | y=0.00 | obs0_x=-23.83
frame= 286 | y=1.20 | obs0_x=-23.92
frame= 287 | y=0.00 | obs0_x=-24.00
frame= 288 | y=0.00 | obs0_x=-24.08
frame= 289 | y=1.20 | obs0_x=-24.17
frame= 290 | y=0.00 | obs0_x=-24.25
frame= 291 | y=1.20 | obs0_x=-24.33
frame= 292 | y=0.00 | obs0_x=-24.42
frame= 293 | y=0.00 | obs0_x=-24.50
frame= 294 | y=1.20 | obs0_x=-24.58
frame= 295 | y=1.20 | obs0_x=-24.67
frame= 296 | y=1.20 | obs0_x=-24.75
frame= 297 | y=0.00 | obs0_x=-24.83
frame= 298 | y=0.00 | obs0_x=-24.92
frame= 299 | y=0.00 | obs0_x=-25.00
frame= 300 | y=0.00 | obs0_x=-25.08
frame= 301 | y=0.00 | obs0_x=-25.17
frame= 302 | y=0.00 | obs0_x=-25.25
frame= 303 | y=0.00 | obs0_x=-25.33
frame= 304 | y=1.20 | obs0_x=-25.42
frame= 305 | y=0.00 | obs0_x=-25.50
frame= 306 | y=1.20 | obs0_x=-25.58
frame= 307 | y=0.00 | obs0_x=-25.67
frame= 308 | y=0.00 | obs0_x=-25.75
frame= 309 | y=1.20 | obs0_x=-25.83
frame= 310 | y=0.00 | obs0_x=-25.92
frame= 311 | y=0.00 | obs0_x=-26.00
frame= 312 | y=0.00 | obs0_x=-26.08
frame= 313 | y=0.00 | obs0_x=-26.17
frame= 314 | y=0.00 | obs0_x=-26.25
frame= 315 | y=0.00 | obs0_x=-26.33
frame= 316 | y=1.20 | obs0_x=-26.42
frame= 317 | y=1.20 | obs0_x=-26.50
frame= 318 | y=0.00 | obs0_x=-26.58
frame= 319 | y=0.00 | obs0_x=-26.67
frame= 320 | y=0.00 | obs0_x=-26.75
frame= 321 | y=0.00 | obs0_x=-26.83
frame= 322 | y=0.00 | obs0_x=-26.92
frame= 323 | y=0.00 | obs0_x=-27.00
frame= 324 | y=1.20 | obs0_x=-27.08
frame= 325 | y=0.00 | obs0_x=-27.17
frame= 326 | y=0.00 | obs0_x=-27.25
frame= 327 | y=0.00 | obs0_x=-27.33
frame= 328 | y=0.00 | obs0_x=-27.42
frame= 329 | y=0.00 | obs0_x=-27.50
frame= 330 | y=0.00 | obs0_x=-27.58
frame= 331 | y=0.00 | obs0_x=-27.67
frame= 332 | y=0.00 | obs0_x=-27.75
frame= 333 | y=0.00 | obs0_x=-27.83
frame= 334 | y=0.00 | obs0_x=-27.92
frame= 335 | y=0.00 | obs0_x=-28.00
frame= 336 | y=0.00 | obs0_x=-28.08
frame= 337 | y=1.20 | obs0_x=-28.17
frame= 338 | y=0.00 | obs0_x=-28.25
frame= 339 | y=0.00 | obs0_x=-28.33
frame= 340 | y=0.00 | obs0_x=-28.42
frame= 341 | y=0.00 | obs0_x=-28.50
frame= 342 | y=0.00 | obs0_x=-28.58
frame= 343 | y=0.00 | obs0_x=-28.67
frame= 344 | y=0.00 | obs0_x=-28.75
frame= 345 | y=0.00 | obs0_x=-28.83
frame= 346 | y=0.00 | obs0_x=-28.92
frame= 347 | y=0.00 | obs0_x=-29.00
frame= 348 | y=0.00 | obs0_x=-29.08
frame= 349 | y=0.00 | obs0_x=-29.17
frame= 350 | y=0.00 | obs0_x=-29.25
frame= 351 | y=0.00 | obs0_x=-29.33
frame= 352 | y=0.00 | obs0_x=-29.42
frame= 353 | y=0.00 | obs0_x=-29.50
frame= 354 | y=0.00 | obs0_x=-29.58
frame= 355 | y=1.20 | obs0_x=-29.67
frame= 356 | y=0.00 | obs0_x=-29.75
frame= 357 | y=0.00 | obs0_x=-29.83
frame= 358 | y=0.00 | obs0_x=-29.92
frame= 359 | y=0.00 | obs0_x=-30.00
frame= 360 | y=0.00 | obs0_x=-30.08
frame= 361 | y=1.20 | obs0_x=-30.17
frame= 362 | y=0.00 | obs0_x=-30.25
frame= 363 | y=0.00 | obs0_x=-30.33
frame= 364 | y=0.00 | obs0_x=-30.42
frame= 365 | y=0.00 | obs0_x=-30.50
frame= 366 | y=0.00 | obs0_x=-30.58
frame= 367 | y=0.00 | obs0_x=-30.67
frame= 368 | y=1.20 | obs0_x=-30.75
frame= 369 | y=0.00 | obs0_x=-30.83
frame= 370 | y=0.00 | obs0_x=-30.92
frame= 371 | y=0.00 | obs0_x=-31.00
frame= 372 | y=0.00 | obs0_x=-31.08
frame= 373 | y=1.20 | obs0_x=-31.17
frame= 374 | y=1.20 | obs0_x=-31.25
frame= 375 | y=0.00 | obs0_x=-31.33
frame= 376 | y=0.00 | obs0_x=-31.42
frame= 377 | y=0.00 | obs0_x=-31.50
frame= 378 | y=0.00 | obs0_x=-31.58
frame= 379 | y=0.00 | obs0_x=-31.67
frame= 380 | y=0.00 | obs0_x=-31.75
frame= 381 | y=0.00 | obs0_x=-31.83
frame= 382 | y=0.00 | obs0_x=-31.92
frame= 383 | y=0.00 | obs0_x=-32.00
frame= 384 | y=1.20 | obs0_x=-32.08
frame= 385 | y=1.20 | obs0_x=-32.17
frame= 386 | y=0.00 | obs0_x=-32.25
frame= 387 | y=1.20 | obs0_x=-32.33
frame= 388 | y=1.20 | obs0_x=-32.42
frame= 389 | y=0.00 | obs0_x=-32.50
frame= 390 | y=0.00 | obs0_x=-32.58
frame= 391 | y=0.00 | obs0_x=-32.67
frame= 392 | y=0.00 | obs0_x=-32.75
frame= 393 | y=1.20 | obs0_x=-32.83
frame= 394 | y=0.00 | obs0_x=-32.92
frame= 395 | y=0.00 | obs0_x=-33.00
frame= 396 | y=1.20 | obs0_x=-33.08
frame= 397 | y=0.00 | obs0_x=-33.17
frame= 398 | y=0.00 | obs0_x=-33.25
frame= 399 | y=1.20 | obs0_x=-33.33
frame= 400 | y=0.00 | obs0_x=-33.42
frame= 401 | y=0.00 | obs0_x=-33.50
frame= 402 | y=0.00 | obs0_x=-33.58
frame= 403 | y=0.00 | obs0_x=-33.67
frame= 404 | y=0.00 | obs0_x=-33.75
frame= 405 | y=0.00 | obs0_x=-33.83
frame= 406 | y=0.00 | obs0_x=-33.92
frame= 407 | y=0.00 | obs0_x=-34.00
frame= 408 | y=0.00 | obs0_x=-34.08
frame= 409 | y=0.00 | obs0_x=-34.17
frame= 410 | y=1.20 | obs0_x=-34.25
frame= 411 | y=1.20 | obs0_x=-34.33
frame= 412 | y=0.00 | obs0_x=-34.42
frame= 413 | y=0.00 | obs0_x=-34.50
frame= 414 | y=1.20 | obs0_x=-34.58
frame= 415 | y=1.20 | obs0_x=-34.67
frame= 416 | y=1.20 | obs0_x=-34.75
frame= 417 | y=1.20 | obs0_x=-34.83
frame= 418 | y=0.00 | obs0_x=-34.92
frame= 419 | y=0.00 | obs0_x=-35.00
frame= 420 | y=1.20 | obs0_x=-35.08
frame= 421 | y=0.00 | obs0_x=-35.17
frame= 422 | y=0.00 | obs0_x=-35.25
frame= 423 | y=0.00 | obs0_x=-35.33
frame= 424 | y=0.00 | obs0_x=-35.42
frame= 425 | y=1.20 | obs0_x=-35.50
frame= 426 | y=0.00 | obs0_x=-35.58
frame= 427 | y=0.00 | obs0_x=-35.67
frame= 428 | y=0.00 | obs0_x=-35.75
frame= 429 | y=0.00 | obs0_x=-35.83
frame= 430 | y=0.00 | obs0_x=-35.92
frame= 431 | y=0.00 | obs0_x=-36.00
frame= 432 | y=1.20 | obs0_x=-36.08
frame= 433 | y=0.00 | obs0_x=-36.17
frame= 434 | y=0.00 | obs0_x=-36.25
frame= 435 | y=1.20 | obs0_x=-36.33
frame= 436 | y=0.00 | obs0_x=-36.42
frame= 437 | y=1.20 | obs0_x=-36.50
frame= 438 | y=0.00 | obs0_x=-36.58
frame= 439 | y=0.00 | obs0_x=-36.67
frame= 440 | y=0.00 | obs0_x=-36.75
frame= 441 | y=0.00 | obs0_x=-36.83
frame= 442 | y=0.00 | obs0_x=-36.92
frame= 443 | y=0.00 | obs0_x=-37.00
frame= 444 | y=1.20 | obs0_x=-37.08
frame= 445 | y=1.20 | obs0_x=-37.17
frame= 446 | y=0.00 | obs0_x=-37.25
frame= 447 | y=1.20 | obs0_x=-37.33
frame= 448 | y=0.00 | obs0_x=-37.42
frame= 449 | y=0.00 | obs0_x=-37.50
frame= 450 | y=0.00 | obs0_x=-37.58
frame= 451 | y=1.20 | obs0_x=-37.67
frame= 452 | y=0.00 | obs0_x=-37.75
frame= 453 | y=0.00 | obs0_x=-37.83
frame= 454 | y=0.00 | obs0_x=-37.92
frame= 455 | y=0.00 | obs0_x=-38.00
frame= 456 | y=0.00 | obs0_x=-38.08
frame= 457 | y=0.00 | obs0_x=-38.17
frame= 458 | y=0.00 | obs0_x=-38.25
frame= 459 | y=0.00 | obs0_x=-38.33
frame= 460 | y=0.00 | obs0_x=-38.42
frame= 461 | y=0.00 | obs0_x=-38.50
frame= 462 | y=1.20 | obs0_x=-38.58
frame= 463 | y=0.00 | obs0_x=-38.67
frame= 464 | y=0.00 | obs0_x=-38.75
frame= 465 | y=0.00 | obs0_x=-38.83
frame= 466 | y=0.00 | obs0_x=-38.92
frame= 467 | y=0.00 | obs0_x=-39.00
frame= 468 | y=1.20 | obs0_x=-39.08
frame= 469 | y=1.20 | obs0_x=-39.17
frame= 470 | y=1.20 | obs0_x=-39.25
frame= 471 | y=0.00 | obs0_x=-39.33
frame= 472 | y=1.20 | obs0_x=-39.42
frame= 473 | y=1.20 | obs0_x=-39.50
frame= 474 | y=0.00 | obs0_x=-39.58
frame= 475 | y=0.00 | obs0_x=-39.67
frame= 476 | y=1.20 | obs0_x=-39.75
frame= 477 | y=0.00 | obs0_x=-39.83
frame= 478 | y=0.00 | obs0_x=-39.92
frame= 479 | y=0.00 | obs0_x=-40.00
frame= 480 | y=1.20 | obs0_x=-40.08
frame= 481 | y=0.00 | obs0_x=-40.17
frame= 482 | y=1.20 | obs0_x=-40.25
frame= 483 | y=1.20 | obs0_x=-40.33
frame= 484 | y=0.00 | obs0_x=-40.42
frame= 485 | y=0.00 | obs0_x=-40.50
frame= 486 | y=0.00 | obs0_x=-40.58
frame= 487 | y=0.00 | obs0_x=-40.67
frame= 488 | y=0.00 | obs0_x=-40.75
frame= 489 | y=0.00 | obs0_x=-40.83
frame= 490 | y=0.00 | obs0_x=-40.92
frame= 491 | y=0.00 | obs0_x=-41.00
frame= 492 | y=0.00 | obs0_x=-41.08
frame= 493 | y=0.00 | obs0_x=-41.17
frame= 494 | y=0.00 | obs0_x=-41.25
frame= 495 | y=1.20 | obs0_x=-41.33
frame= 496 | y=1.20 | obs0_x=-41.42
frame= 497 | y=1.20 | obs0_x=-41.50
frame= 498 | y=0.00 | obs0_x=-41.58
frame= 499 | y=0.00 | obs0_x=-41.67
frame= 500 | y=0.00 | obs0_x=-41.75
frame= 501 | y=0.00 | obs0_x=-41.83
frame= 502 | y=1.20 | obs0_x=-41.92
frame= 503 | y=1.20 | obs0_x=-42.00
frame= 504 | y=0.00 | obs0_x=-42.08
frame= 505 | y=1.20 | obs0_x=-42.17
frame= 506 | y=0.00 | obs0_x=-42.25
frame= 507 | y=1.20 | obs0_x=-42.33
frame= 508 | y=1.20 | obs0_x=-42.42
frame= 509 | y=0.00 | obs0_x=-42.50
frame= 510 | y=1.20 | obs0_x=-42.58
frame= 511 | y=0.00 | obs0_x=-42.67
frame= 512 | y=0.00 | obs0_x=-42.75
frame= 513 | y=0.00 | obs0_x=-42.83
frame= 514 | y=0.00 | obs0_x=-42.92
frame= 515 | y=1.20 | obs0_x=-43.00
frame= 516 | y=0.00 | obs0_x=-43.08
frame= 517 | y=0.00 | obs0_x=-43.17
frame= 518 | y=0.00 | obs0_x=-43.25
frame= 519 | y=1.20 | obs0_x=-43.33
frame= 520 | y=0.00 | obs0_x=-43.42
frame= 521 | y=0.00 | obs0_x=-43.50
frame= 522 | y=0.00 | obs0_x=-43.58
frame= 523 | y=1.20 | obs0_x=-43.67
frame= 524 | y=0.00 | obs0_x=-43.75
frame= 525 | y=0.00 | obs0_x=-43.83
frame= 526 | y=0.00 | obs0_x=-43.92
frame= 527 | y=0.00 | obs0_x=-44.00
frame= 528 | y=0.00 | obs0_x=-44.08
frame= 529 | y=0.00 | obs0_x=-44.17
frame= 530 | y=1.20 | obs0_x=-44.25
frame= 531 | y=1.20 | obs0_x=-44.33
frame= 532 | y=0.00 | obs0_x=-44.42
frame= 533 | y=0.00 | obs0_x=-44.50
frame= 534 | y=0.00 | obs0_x=-44.58
frame= 535 | y=0.00 | obs0_x=-44.67
frame= 536 | y=1.20 | obs0_x=-44.75
frame= 537 | y=1.20 | obs0_x=-44.83
frame= 538 | y=0.00 | obs0_x=-44.92
frame= 539 | y=1.20 | obs0_x=-45.00
frame= 540 | y=0.00 | obs0_x=-45.08
frame= 541 | y=1.20 | obs0_x=-45.17
frame= 542 | y=0.00 | obs0_x=-45.25
frame= 543 | y=0.00 | obs0_x=-45.33
frame= 544 | y=0.00 | obs0_x=-45.42
frame= 545 | y=0.00 | obs0_x=-45.50
frame= 546 | y=0.00 | obs0_x=-45.58
frame= 547 | y=0.00 | obs0_x=-45.67
frame= 548 | y=0.00 | obs0_x=-45.75
frame= 549 | y=0.00 | obs0_x=-45.83
frame= 550 | y=0.00 | obs0_x=-45.92
frame= 551 | y=0.00 | obs0_x=-46.00
frame= 552 | y=0.00 | obs0_x=-46.08
frame= 553 | y=0.00 | obs0_x=-46.17
frame= 554 | y=0.00 | obs0_x=-46.25
frame= 555 | y=0.00 | obs0_x=-46.33
frame= 556 | y=0.00 | obs0_x=-46.42
frame= 557 | y=0.00 | obs0_x=-46.50
frame= 558 | y=0.00 | obs0_x=-46.58
frame= 559 | y=1.20 | obs0_x=-46.67
frame= 560 | y=1.20 | obs0_x=-46.75
frame= 561 | y=0.00 | obs0_x=-46.83
frame= 562 | y=0.00 | obs0_x=-46.92
frame= 563 | y=0.00 | obs0_x=-47.00
frame= 564 | y=1.20 | obs0_x=-47.08
frame= 565 | y=1.20 | obs0_x=-47.17
frame= 566 | y=0.00 | obs0_x=-47.25
frame= 567 | y=0.00 | obs0_x=-47.33
frame= 568 | y=0.00 | obs0_x=-47.42
frame= 569 | y=0.00 | obs0_x=-47.50
frame= 570 | y=1.20 | obs0_x=-47.58
frame= 571 | y=0.00 | obs0_x=-47.67
frame= 572 | y=0.00 | obs0_x=-47.75
frame= 573 | y=0.00 | obs0_x=-47.83
frame= 574 | y=1.20 | obs0_x=-47.92
frame= 575 | y=0.00 | obs0_x=-48.00
frame= 576 | y=1.20 | obs0_x=-48.08
frame= 577 | y=0.00 | obs0_x=-48.17
frame= 578 | y=0.00 | obs0_x=-48.25
frame= 579 | y=1.20 | obs0_x=-48.33
frame= 580 | y=0.00 | obs0_x=-48.42
frame= 581 | y=0.00 | obs0_x=-48.50
frame= 582 | y=0.00 | obs0_x=-48.58
frame= 583 | y=1.20 | obs0_x=-48.67
frame= 584 | y=0.00 | obs0_x=-48.75
frame= 585 | y=1.20 | obs0_x=-48.83
frame= 586 | y=0.00 | obs0_x=-48.92
frame= 587 | y=0.00 | obs0_x=-49.00
frame= 588 | y=1.20 | obs0_x=-49.08
frame= 589 | y=0.00 | obs0_x=-49.17
frame= 590 | y=1.20 | obs0_x=-49.25
frame= 591 | y=0.00 | obs0_x=-49.33
frame= 592 | y=0.00 | obs0_x=-49.42
frame= 593 | y=0.00 | obs0_x=-49.50
frame= 594 | y=0.00 | obs0_x=-49.58
frame= 595 | y=0.00 | obs0_x=-49.67
frame= 596 | y=0.00 | obs0_x=-49.75
frame= 597 | y=0.00 | obs0_x=-49.83
frame= 598 | y=0.00 | obs0_x=-49.92
frame= 599 | y=0.00 | obs0_x=-50.00
frame= 600 | y=1.20 | obs0_x=-50.08
frame= 601 | y=1.20 | obs0_x=-50.17
frame= 602 | y=1.20 | obs0_x=-50.25
frame= 603 | y=0.00 | obs0_x=-50.33
frame= 604 | y=1.20 | obs0_x=-50.42
frame= 605 | y=0.00 | obs0_x=-50.50
frame= 606 | y=0.00 | obs0_x=-50.58
frame= 607 | y=1.20 | obs0_x=-50.67
frame= 608 | y=1.20 | obs0_x=-50.75
frame= 609 | y=1.20 | obs0_x=-50.83
frame= 610 | y=0.00 | obs0_x=-50.92
frame= 611 | y=0.00 | obs0_x=-51.00
frame= 612 | y=0.00 | obs0_x=-51.08
frame= 613 | y=0.00 | obs0_x=-51.17
frame= 614 | y=0.00 | obs0_x=-51.25
frame= 615 | y=0.00 | obs0_x=-51.33
frame= 616 | y=1.20 | obs0_x=-51.42
frame= 617 | y=1.20 | obs0_x=-51.50
frame= 618 | y=0.00 | obs0_x=-51.58
frame= 619 | y=0.00 | obs0_x=-51.67
frame= 620 | y=0.00 | obs0_x=-51.75
frame= 621 | y=0.00 | obs0_x=-51.83
frame= 622 | y=0.00 | obs0_x=-51.92
frame= 623 | y=1.20 | obs0_x=-52.00
frame= 624 | y=0.00 | obs0_x=-52.08
frame= 625 | y=1.20 | obs0_x=-52.17
frame= 626 | y=0.00 | obs0_x=-52.25
frame= 627 | y=0.00 | obs0_x=-52.33
frame= 628 | y=0.00 | obs0_x=-52.42
frame= 629 | y=0.00 | obs0_x=-52.50
frame= 630 | y=1.20 | obs0_x=-52.58
frame= 631 | y=0.00 | obs0_x=-52.67
frame= 632 | y=0.00 | obs0_x=-52.75
frame= 633 | y=0.00 | obs0_x=-52.83
frame= 634 | y=0.00 | obs0_x=-52.92
frame= 635 | y=0.00 | obs0_x=-53.00
frame= 636 | y=0.00 | obs0_x=-53.08
frame= 637 | y=0.00 | obs0_x=-53.17
frame= 638 | y=0.00 | obs0_x=-53.25
frame= 639 | y=1.20 | obs0_x=-53.33
frame= 640 | y=0.00 | obs0_x=-53.42
frame= 641 | y=0.00 | obs0_x=-53.50
frame= 642 | y=0.00 | obs0_x=-53.58
frame= 643 | y=0.00 | obs0_x=-53.67
frame= 644 | y=0.00 | obs0_x=-53.75
frame= 645 | y=0.00 | obs0_x=-53.83
frame= 646 | y=0.00 | obs0_x=-53.92
frame= 647 | y=0.00 | obs0_x=-54.00
frame= 648 | y=1.20 | obs0_x=-54.08
frame= 649 | y=0.00 | obs0_x=-54.17
frame= 650 | y=0.00 | obs0_x=-54.25
frame= 651 | y=1.20 | obs0_x=-54.33
frame= 652 | y=1.20 | obs0_x=-54.42
frame= 653 | y=0.00 | obs0_x=-54.50
frame= 654 | y=1.20 | obs0_x=-54.58
frame= 655 | y=1.20 | obs0_x=-54.67
frame= 656 | y=0.00 | obs0_x=-54.75
frame= 657 | y=1.20 | obs0_x=-54.83
frame= 658 | y=0.00 | obs0_x=-54.92
frame= 659 | y=0.00 | obs0_x=-55.00
frame= 660 | y=0.00 | obs0_x=-55.08
frame= 661 | y=0.00 | obs0_x=-55.17
frame= 662 | y=0.00 | obs0_x=-55.25
frame= 663 | y=0.00 | obs0_x=-55.33
frame= 664 | y=1.20 | obs0_x=-55.42
frame= 665 | y=1.20 | obs0_x=-55.50
frame= 666 | y=0.00 | obs0_x=-55.58
frame= 667 | y=0.00 | obs0_x=-55.67
frame= 668 | y=1.20 | obs0_x=-55.75
frame= 669 | y=1.20 | obs0_x=-55.83
frame= 670 | y=0.00 | obs0_x=-55.92
frame= 671 | y=1.20 | obs0_x=-56.00
frame= 672 | y=0.00 | obs0_x=-56.08
frame= 673 | y=0.00 | obs0_x=-56.17
frame= 674 | y=1.20 | obs0_x=-56.25
frame= 675 | y=1.20 | obs0_x=-56.33
frame= 676 | y=0.00 | obs0_x=-56.42
frame= 677 | y=0.00 | obs0_x=-56.50
frame= 678 | y=0.00 | obs0_x=-56.58
frame= 679 | y=1.20 | obs0_x=-56.67
frame= 680 | y=0.00 | obs0_x=-56.75
frame= 681 | y=0.00 | obs0_x=-56.83
frame= 682 | y=0.00 | obs0_x=-56.92
frame= 683 | y=0.00 | obs0_x=-57.00
frame= 684 | y=0.00 | obs0_x=-57.08
frame= 685 | y=0.00 | obs0_x=-57.17
frame= 686 | y=0.00 | obs0_x=-57.25
frame= 687 | y=0.00 | obs0_x=-57.33
frame= 688 | y=0.00 | obs0_x=-57.42
frame= 689 | y=0.00 | obs0_x=-57.50
frame= 690 | y=0.00 | obs0_x=-57.58
frame= 691 | y=1.20 | obs0_x=-57.67
frame= 692 | y=0.00 | obs0_x=-57.75
frame= 693 | y=0.00 | obs0_x=-57.83
frame= 694 | y=0.00 | obs0_x=-57.92
frame= 695 | y=0.00 | obs0_x=-58.00
frame= 696 | y=0.00 | obs0_x=-58.08
frame= 697 | y=0.00 | obs0_x=-58.17
frame= 698 | y=1.20 | obs0_x=-58.25
frame= 699 | y=0.00 | obs0_x=-58.33
frame= 700 | y=0.00 | obs0_x=-58.42
frame= 701 | y=0.00 | obs0_x=-58.50
frame= 702 | y=0.00 | obs0_x=-58.58
frame= 703 | y=0.00 | obs0_x=-58.67
frame= 704 | y=0.00 | obs0_x=-58.75
frame= 705 | y=0.00 | obs0_x=-58.83
frame= 706 | y=1.20 | obs0_x=-58.92
frame= 707 | y=0.00 | obs0_x=-59.00
frame= 708 | y=0.00 | obs0_x=-59.08
frame= 709 | y=1.20 | obs0_x=-59.17
frame= 710 | y=1.20 | obs0_x=-59.25
frame= 711 | y=0.00 | obs0_x=-59.33
frame= 712 | y=0.00 | obs0_x=-59.42
frame= 713 | y=1.20 | obs0_x=-59.50
frame= 714 | y=1.20 | obs0_x=-59.58
frame= 715 | y=1.20 | obs0_x=-59.67
frame= 716 | y=0.00 | obs0_x=-59.75
frame= 717 | y=0.00 | obs0_x=-59.83
frame= 718 | y=0.00 | obs0_x=-59.92
frame= 719 | y=0.00 | obs0_x=-60.00
frame= 720 | y=0.00 | obs0_x=-60.08
frame= 721 | y=0.00 | obs0_x=-60.17
frame= 722 | y=0.00 | obs0_x=-60.25
frame= 723 | y=0.00 | obs0_x=-60.33
frame= 724 | y=0.00 | obs0_x=-60.42
frame= 725 | y=0.00 | obs0_x=-60.50
frame= 726 | y=0.00 | obs0_x=-60.58
frame= 727 | y=0.00 | obs0_x=-60.67
frame= 728 | y=0.00 | obs0_x=-60.75
frame= 729 | y=0.00 | obs0_x=-60.83
frame= 730 | y=0.00 | obs0_x=-60.92
frame= 731 | y=0.00 | obs0_x=-61.00
frame= 732 | y=0.00 | obs0_x=-61.08
frame= 733 | y=0.00 | obs0_x=-61.17
frame= 734 | y=0.00 | obs0_x=-61.25
frame= 735 | y=0.00 | obs0_x=-61.33
frame= 736 | y=0.00 | obs0_x=-61.42
frame= 737 | y=1.20 | obs0_x=-61.50
frame= 738 | y=0.00 | obs0_x=-61.58
frame= 739 | y=0.00 | obs0_x=-61.67
frame= 740 | y=0.00 | obs0_x=-61.75
frame= 741 | y=0.00 | obs0_x=-61.83
frame= 742 | y=0.00 | obs0_x=-61.92
frame= 743 | y=0.00 | obs0_x=-62.00
frame= 744 | y=0.00 | obs0_x=-62.08
frame= 745 | y=1.20 | obs0_x=-62.17
frame= 746 | y=1.20 | obs0_x=-62.25
frame= 747 | y=0.00 | obs0_x=-62.33
frame= 748 | y=0.00 | obs0_x=-62.42
frame= 749 | y=0.00 | obs0_x=-62.50
frame= 750 | y=1.20 | obs0_x=-62.58
frame= 751 | y=0.00 | obs0_x=-62.67
frame= 752 | y=0.00 | obs0_x=-62.75
frame= 753 | y=0.00 | obs0_x=-62.83
frame= 754 | y=0.00 | obs0_x=-62.92
frame= 755 | y=0.00 | obs0_x=-63.00
frame= 756 | y=0.00 | obs0_x=-63.08
frame= 757 | y=1.20 | obs0_x=-63.17
frame= 758 | y=0.00 | obs0_x=-63.25
frame= 759 | y=0.00 | obs0_x=-63.33
frame= 760 | y=0.00 | obs0_x=-63.42
frame= 761 | y=1.20 | obs0_x=-63.50
frame= 762 | y=0.00 | obs0_x=-63.58
frame= 763 | y=1.20 | obs0_x=-63.67
frame= 764 | y=0.00 | obs0_x=-63.75
frame= 765 | y=0.00 | obs0_x=-63.83
frame= 766 | y=0.00 | obs0_x=-63.92
frame= 767 | y=0.00 | obs0_x=-64.00
frame= 768 | y=0.00 | obs0_x=-64.08
frame= 769 | y=0.00 | obs0_x=-64.17
frame= 770 | y=1.20 | obs0_x=-64.25
frame= 771 | y=0.00 | obs0_x=-64.33
frame= 772 | y=0.00 | obs0_x=-64.42
frame= 773 | y=1.20 | obs0_x=-64.50
frame= 774 | y=1.20 | obs0_x=-64.58
frame= 775 | y=0.00 | obs0_x=-64.67
frame= 776 | y=0.00 | obs0_x=-64.75
frame= 777 | y=0.00 | obs0_x=-64.83
frame= 778 | y=0.00 | obs0_x=-64.92
frame= 779 | y=0.00 | obs0_x=-65.00
frame= 780 | y=1.20 | obs0_x=-65.08
frame= 781 | y=1.20 | obs0_x=-65.17
frame= 782 | y=1.20 | obs0_x=-65.25
frame= 783 | y=1.20 | obs0_x=-65.33
frame= 784 | y=0.00 | obs0_x=-65.42
frame= 785 | y=0.00 | obs0_x=-65.50
frame= 786 | y=0.00 | obs0_x=-65.58
frame= 787 | y=0.00 | obs0_x=-65.67
frame= 788 | y=0.00 | obs0_x=-65.75
frame= 789 | y=0.00 | obs0_x=-65.83
frame= 790 | y=0.00 | obs0_x=-65.92
frame= 791 | y=1.20 | obs0_x=-66.00
frame= 792 | y=0.00 | obs0_x=-66.08
frame= 793 | y=0.00 | obs0_x=-66.17
frame= 794 | y=0.00 | obs0_x=-66.25
frame= 795 | y=0.00 | obs0_x=-66.33
frame= 796 | y=0.00 | obs0_x=-66.42
frame= 797 | y=1.20 | obs0_x=-66.50
frame= 798 | y=0.00 | obs0_x=-66.58
frame= 799 | y=1.20 | obs0_x=-66.67
frame= 800 | y=0.00 | obs0_x=-66.75
frame= 801 | y=0.00 | obs0_x=-66.83
frame= 802 | y=0.00 | obs0_x=-66.92
frame= 803 | y=0.00 | obs0_x=-67.00
frame= 804 | y=0.00 | obs0_x=-67.08
frame= 805 | y=0.00 | obs0_x=-67.17
frame= 806 | y=0.00 | obs0_x=-67.25
frame= 807 | y=0.00 | obs0_x=-67.33
frame= 808 | y=0.00 | obs0_x=-67.42
frame= 809 | y=0.00 | obs0_x=-67.50
frame= 810 | y=0.00 | obs0_x=-67.58
frame= 811 | y=0.00 | obs0_x=-67.67
frame= 812 | y=0.00 | obs0_x=-67.75
frame= 813 | y=0.00 | obs0_x=-67.83
frame= 814 | y=0.00 | obs0_x=-67.92
frame= 815 | y=1.20 | obs0_x=-68.00
frame= 816 | y=0.00 | obs0_x=-68.08
frame= 817 | y=0.00 | obs0_x=-68.17
frame= 818 | y=0.00 | obs0_x=-68.25
frame= 819 | y=1.20 | obs0_x=-68.33
frame= 820 | y=0.00 | obs0_x=-68.42
frame= 821 | y=0.00 | obs0_x=-68.50
frame= 822 | y=0.00 | obs0_x=-68.58
frame= 823 | y=1.20 | obs0_x=-68.67
frame= 824 | y=1.20 | obs0_x=-68.75
frame= 825 | y=0.00 | obs0_x=-68.83
frame= 826 | y=1.20 | obs0_x=-68.92
frame= 827 | y=0.00 | obs0_x=-69.00
frame= 828 | y=0.00 | obs0_x=-69.08
frame= 829 | y=0.00 | obs0_x=-69.17
frame= 830 | y=0.00 | obs0_x=-69.25
frame= 831 | y=0.00 | obs0_x=-69.33
frame= 832 | y=0.00 | obs0_x=-69.42
frame= 833 | y=0.00 | obs0_x=-69.50
frame= 834 | y=0.00 | obs0_x=-69.58
frame= 835 | y=0.00 | obs0_x=-69.67
frame= 836 | y=1.20 | obs0_x=-69.75
frame= 837 | y=0.00 | obs0_x=-69.83
frame= 838 | y=0.00 | obs0_x=-69.92
frame= 839 | y=0.00 | obs0_x=-70.00
frame= 840 | y=1.20 | obs0_x=-70.08
frame= 841 | y=1.20 | obs0_x=-70.17
frame= 842 | y=1.20 | obs0_x=-70.25
frame= 843 | y=0.00 | obs0_x=-70.33
frame= 844 | y=0.00 | obs0_x=-70.42
frame= 845 | y=1.20 | obs0_x=-70.50
frame= 846 | y=0.00 | obs0_x=-70.58
frame= 847 | y=0.00 | obs0_x=-70.67
frame= 848 | y=0.00 | obs0_x=-70.75
frame= 849 | y=0.00 | obs0_x=-70.83
frame= 850 | y=0.00 | obs0_x=-70.92
frame= 851 | y=0.00 | obs0_x=-71.00
frame= 852 | y=0.00 | obs0_x=-71.08
frame= 853 | y=0.00 | obs0_x=-71.17
frame= 854 | y=0.00 | obs0_x=-71.25
frame= 855 | y=1.20 | obs0_x=-71.33
frame= 856 | y=0.00 | obs0_x=-71.42
frame= 857 | y=0.00 | obs0_x=-71.50
frame= 858 | y=0.00 | obs0_x=-71.58
frame= 859 | y=0.00 | obs0_x=-71.67
frame= 860 | y=0.00 | obs0_x=-71.75
frame= 861 | y=0.00 | obs0_x=-71.83
frame= 862 | y=0.00 | obs0_x=-71.92
frame= 863 | y=1.20 | obs0_x=-72.00
frame= 864 | y=1.20 | obs0_x=-72.08
frame= 865 | y=1.20 | obs0_x=-72.17
frame= 866 | y=0.00 | obs0_x=-72.25
frame= 867 | y=0.00 | obs0_x=-72.33
frame= 868 | y=1.20 | obs0_x=-72.42
frame= 869 | y=0.00 | obs0_x=-72.50
frame= 870 | y=0.00 | obs0_x=-72.58
frame= 871 | y=1.20 | obs0_x=-72.67
frame= 872 | y=1.20 | obs0_x=-72.75
frame= 873 | y=1.20 | obs0_x=-72.83
frame= 874 | y=0.00 | obs0_x=-72.92
frame= 875 | y=0.00 | obs0_x=-73.00
frame= 876 | y=0.00 | obs0_x=-73.08
frame= 877 | y=0.00 | obs0_x=-73.17
frame= 878 | y=0.00 | obs0_x=-73.25
frame= 879 | y=0.00 | obs0_x=-73.33
frame= 880 | y=0.00 | obs0_x=-73.42
frame= 881 | y=0.00 | obs0_x=-73.50
frame= 882 | y=0.00 | obs0_x=-73.58
frame= 883 | y=1.20 | obs0_x=-73.67
frame= 884 | y=0.00 | obs0_x=-73.75
frame= 885 | y=0.00 | obs0_x=-73.83
frame= 886 | y=0.00 | obs0_x=-73.92
frame= 887 | y=0.00 | obs0_x=-74.00
frame= 888 | y=0.00 | obs0_x=-74.08
frame= 889 | y=0.00 | obs0_x=-74.17
frame= 890 | y=0.00 | obs0_x=-74.25
frame= 891 | y=0.00 | obs0_x=-74.33
frame= 892 | y=1.20 | obs0_x=-74.42
frame= 893 | y=0.00 | obs0_x=-74.50
frame= 894 | y=0.00 | obs0_x=-74.58
frame= 895 | y=0.00 | obs0_x=-74.67
frame= 896 | y=0.00 | obs0_x=-74.75
frame= 897 | y=0.00 | obs0_x=-74.83
frame= 898 | y=0.00 | obs0_x=-74.92
frame= 899 | y=0.00 | obs0_x=-75.00
frame= 900 | y=0.00 | obs0_x=-75.08
frame= 901 | y=0.00 | obs0_x=-75.17
frame= 902 | y=0.00 | obs0_x=-75.25
frame= 903 | y=1.20 | obs0_x=-75.33
frame= 904 | y=0.00 | obs0_x=-75.42
frame= 905 | y=0.00 | obs0_x=-75.50
frame= 906 | y=0.00 | obs0_x=-75.58
frame= 907 | y=0.00 | obs0_x=-75.67
frame= 908 | y=1.20 | obs0_x=-75.75
frame= 909 | y=0.00 | obs0_x=-75.83
frame= 910 | y=1.20 | obs0_x=-75.92
frame= 911 | y=0.00 | obs0_x=-76.00
frame= 912 | y=0.00 | obs0_x=-76.08
frame= 913 | y=0.00 | obs0_x=-76.17
frame= 914 | y=0.00 | obs0_x=-76.25
frame= 915 | y=0.00 | obs0_x=-76.33
frame= 916 | y=0.00 | obs0_x=-76.42
frame= 917 | y=0.00 | obs0_x=-76.50
frame= 918 | y=1.20 | obs0_x=-76.58
frame= 919 | y=0.00 | obs0_x=-76.67
frame= 920 | y=1.20 | obs0_x=-76.75
frame= 921 | y=0.00 | obs0_x=-76.83
frame= 922 | y=0.00 | obs0_x=-76.92
frame= 923 | y=1.20 | obs0_x=-77.00
frame= 924 | y=0.00 | obs0_x=-77.08
frame= 925 | y=0.00 | obs0_x=-77.17
frame= 926 | y=1.20 | obs0_x=-77.25
frame= 927 | y=0.00 | obs0_x=-77.33
frame= 928 | y=0.00 | obs0_x=-77.42
frame= 929 | y=0.00 | obs0_x=-77.50
frame= 930 | y=0.00 | obs0_x=-77.58
frame= 931 | y=0.00 | obs0_x=-77.67
frame= 932 | y=0.00 | obs0_x=-77.75
frame= 933 | y=0.00 | obs0_x=-77.83
frame= 934 | y=0.00 | obs0_x=-77.92
frame= 935 | y=1.20 | obs0_x=-78.00
frame= 936 | y=0.00 | obs0_x=-78.08
frame= 937 | y=0.00 | obs0_x=-78.17
frame= 938 | y=1.20 | obs0_x=-78.25
frame= 939 | y=1.20 | obs0_x=-78.33
frame= 940 | y=1.20 | obs0_x=-78.42
frame= 941 | y=0.00 | obs0_x=-78.50
frame= 942 | y=0.00 | obs0_x=-78.58
frame= 943 | y=0.00 | obs0_x=-78.67
frame= 944 | y=0.00 | obs0_x=-78.75
frame= 945 | y=0.00 | obs0_x=-78.83
frame= 946 | y=1.20 | obs0_x=-78.92
frame= 947 | y=0.00 | obs0_x=-79.00
frame= 948 | y=0.00 | obs0_x=-79.08
frame= 949 | y=0.00 | obs0_x=-79.17
frame= 950 | y=0.00 | obs0_x=-79.25
frame= 951 | y=0.00 | obs0_x=-79.33
frame= 952 | y=0.00 | obs0_x=-79.42
frame= 953 | y=0.00 | obs0_x=-79.50
frame= 954 | y=0.00 | obs0_x=-79.58
frame= 955 | y=1.20 | obs0_x=-79.67
frame= 956 | y=0.00 | obs0_x=-79.75
frame= 957 | y=0.00 | obs0_x=-79.83
frame= 958 | y=0.00 | obs0_x=-79.92
frame= 959 | y=0.00 | obs0_x=-80.00
frame= 960 | y=1.20 | obs0_x=-80.08
frame= 961 | y=1.20 | obs0_x=-80.17
frame= 962 | y=0.00 | obs0_x=-80.25
frame= 963 | y=0.00 | obs0_x=-80.33
frame= 964 | y=0.00 | obs0_x=-80.42
frame= 965 | y=0.00 | obs0_x=-80.50
frame= 966 | y=0.00 | obs0_x=-80.58
frame= 967 | y=1.20 | obs0_x=-80.67
frame= 968 | y=0.00 | obs0_x=-80.75
frame= 969 | y=1.20 | obs0_x=-80.83
frame= 970 | y=0.00 | obs0_x=-80.92
frame= 971 | y=0.00 | obs0_x=-81.00
frame= 972 | y=0.00 | obs0_x=-81.08
frame= 973 | y=0.00 | obs0_x=-81.17
frame= 974 | y=0.00 | obs0_x=-81.25
frame= 975 | y=0.00 | obs0_x=-81.33
frame= 976 | y=0.00 | obs0_x=-81.42
frame= 977 | y=0.00 | obs0_x=-81.50
frame= 978 | y=0.00 | obs0_x=-81.58
frame= 979 | y=0.00 | obs0_x=-81.67
frame= 980 | y=0.00 | obs0_x=-81.75
frame= 981 | y=0.00 | obs0_x=-81.83
frame= 982 | y=0.00 | obs0_x=-81.92
frame= 983 | y=0.00 | obs0_x=-82.00
frame= 984 | y=0.00 | obs0_x=-82.08
frame= 985 | y=0.00 | obs0_x=-82.17
frame= 986 | y=0.00 | obs0_x=-82.25
frame= 987 | y=0.00 | obs0_x=-82.33
frame= 988 | y=0.00 | obs0_x=-82.42
frame= 989 | y=1.20 | obs0_x=-82.50
frame= 990 | y=0.00 | obs0_x=-82.58
frame= 991 | y=0.00 | obs0_x=-82.67
frame= 992 | y=0.00 | obs0_x=-82.75
frame= 993 | y=0.00 | obs0_x=-82.83
frame= 994 | y=0.00 | obs0_x=-82.92
frame= 995 | y=0.00 | obs0_x=-83.00
frame= 996 | y=0.00 | obs0_x=-83.08
frame= 997 | y=0.00 | obs0_x=-83.17
frame= 998 | y=0.00 | obs0_x=-83.25
frame= 999 | y=1.20 | obs0_x=-83.33

Total collisions: 698
Time elapsed: 423.622 ms
